    30000.0000000000  1.00000000000000 -3.147796966256760E-026  0.698482083019415  0.281392971802547  3.487466498520901E-003  1.120668824785382E-003  1.009965358627771E-002  1.851094969073537E-003  0.000000000000000  0.000000000000000  0.000000000000000
    191040.000000000  0.999999977921100 -1.371046403666232E-013  0.698480965644284  0.281393972374862  3.486895386754826E-003  1.121331465000461E-003  1.009965332958646E-002  1.851094928203188E-003  0.000000000000000  0.000000000000000  0.000000000000000
    653967.052800000  0.999999914448472 -1.371147054981415E-013  0.698477755997361  0.281396849656179  3.485274070775052E-003  1.123212616397664E-003  1.009965259204313E-002  1.851094810708517E-003  0.000000000000000  0.000000000000000  0.000000000000000
    1805877.69682330  0.999999756502786 -1.371109142599728E-013  0.698469729567422  0.281404011086907  3.481012532712859E-003  1.128157192800540E-003  1.009965075681209E-002  1.851094559419648E-003  0.000000000000000  0.000000000000000  0.000000000000000
    4672199.99055934  0.999999363610739 -1.370543813448930E-013  0.698449809095428  0.281421820054805  3.470651727826130E-003  1.140178494256398E-003  1.009964620812513E-002  1.851093837978111E-003  0.000000000000000  0.000000000000000  0.000000000000000
    11804527.0805086  0.999998384374839 -1.375268878959675E-013  0.698400441852121  0.281466278436748  3.446944567997855E-003  1.167685267744493E-003  1.009963322465465E-002  1.851092215104412E-003  0.000000000000000  0.000000000000000  0.000000000000000
    29552039.2249712  0.999995930648663 -1.386548464979489E-013  0.698277330942848  0.281578848211532  3.398087976465047E-003  1.224373122950867E-003  1.009959748820849E-002  1.851088312932756E-003  0.000000000000000  0.000000000000000  0.000000000000000
    73713528.6442803  0.999989756128347 -1.404440097224250E-013  0.697968141206738  0.281869357567200  3.322320664931404E-003  1.312285745882269E-003  1.009952305962241E-002  1.851076308630203E-003  0.000000000000000  0.000000000000000  0.000000000000000
    183601445.996136  0.999974188376874 -1.422900566177733E-013  0.697189170755088  0.282617743804470  3.230567476262050E-003  1.418806826454227E-003  1.009927907138525E-002  1.851066848407348E-003  0.000000000000000  0.000000000000000  0.000000000000000
    457037748.501104  0.999934746571848 -1.454821413854995E-013  0.695220853549550  0.284527925060398  3.113713301804437E-003  1.554535108210172E-003  1.009864106789122E-002  1.850984436153406E-003  0.000000000000000  0.000000000000000  0.000000000000000
    1137434768.75027  0.999832455911567 -1.535792930589702E-013  0.690143884077111  0.289480712274717  2.969120115278427E-003  1.722247345112230E-003  1.009720874719661E-002  1.850798274656417E-003  0.000000000000000  0.000000000000000  0.000000000000000
    2279771422.00745  0.999646420210336 -1.694734141795884E-013  0.681014349204447  0.298406216992033  2.831599541848988E-003  1.880632477045571E-003  1.009481667204264E-002  1.850419250943344E-003  0.000000000000000  0.000000000000000  0.000000000000000
    3307164460.72002  0.999461855106804 -1.868892995511998E-013  0.672127965544791  0.307097137734331  2.741232923795786E-003  1.986115485914898E-003  1.009129774776085E-002  1.850105439951128E-003  0.000000000000000  0.000000000000000  0.000000000000000
    4235326152.04800  0.999278070581432 -2.058993240198464E-013  0.663458363513363  0.315575537344650  2.671147110067728E-003  2.069622648161336E-003  1.008616677132631E-002  1.849737944110049E-003  0.000000000000000  0.000000000000000  0.000000000000000
    5074398533.10656  0.999095190066075 -2.264657066666309E-013  0.655011366099406  0.323834509856800  2.613155021228203E-003  2.141125116356000E-003  1.007872979236250E-002  1.849379591792438E-003  0.000000000000000  0.000000000000000  0.000000000000000
    5825634226.30635  0.998915447243125 -2.482528418182678E-013  0.646882985772403  0.331779950719134  2.564434923641682E-003  2.205474280045940E-003  1.006725379825370E-002  1.849026655259040E-003  0.000000000000000  0.000000000000000  0.000000000000000
    6494740797.90551  0.998740459972251 -2.707960192236650E-013  0.639130086292619  0.339356677806747  2.523424027218558E-003  2.266445943541611E-003  1.004942486982727E-002  1.848696566862727E-003  0.000000000000000  0.000000000000000  0.000000000000000
    7103590378.30215  0.998567308853211 -2.937193669601379E-013  0.631606379697964  0.346708219441405  2.488657054843627E-003  2.328135108369386E-003  1.002249445495086E-002  1.848355916135857E-003  7.353101745915950E-003  0.000000000000000  0.000000000000000
    7533560065.45323  0.998436313549002 -3.115125363562825E-013  0.625993419411848  0.352192504073479  2.465993636048193E-003  2.377482947703689E-003  9.994240407473022E-003  1.848106025109421E-003  1.098178775302914E-002  0.000000000000000  0.000000000000000
    7622810835.05925  0.998408140747188 -3.156589230303096E-013  0.624793561678912  0.353364831716266  2.461437251905058E-003  2.388373446816611E-003  9.987425452041389E-003  1.848053855348474E-003  1.223867738975729E-002  0.000000000000000  0.000000000000000
    7954490933.00133  0.998299843474007 -3.344983296826820E-013  0.620217602979920  0.357835273126129  2.444374320977069E-003  2.431182460193455E-003  9.959522761383246E-003  1.847854575173055E-003  1.782692649371060E-002  0.000000000000000  0.000000000000000
    8221296511.04718  0.998207792679201 -3.521278985002851E-013  0.616395509074149  0.361567951766385  2.430231055600846E-003  2.468773707226195E-003  9.933973745717328E-003  1.847680538249981E-003  2.299832764083301E-002  0.000000000000000  0.000000000000000
    8541228713.01095  0.998090829318645 -3.748526928075117E-013  0.611648371791984  0.366202025010105  2.413487452744838E-003  2.517671152150613E-003  9.898607179440504E-003  1.847456191980967E-003  2.991507867680607E-002  0.000000000000000  0.000000000000000
    8897258387.96117  0.997951287804631 -4.040491098813780E-013  0.606121662107713  0.371594668519389  2.395638004925975E-003  2.577164445038047E-003  9.852320152082434E-003  1.847184790423753E-003  3.848551133367915E-002  0.000000000000000  0.000000000000000
    9229804194.25685  0.997810501307044 -4.370657731788451E-013  0.600676503795467  0.376905470360589  2.379630896950469E-003  2.638421606568597E-003  9.801475528126780E-003  1.846923361921473E-003  4.740808982038101E-002  0.000000000000000  0.000000000000000
    9522837285.29667  0.997676460025187 -4.717727332708813E-013  0.595609961396786  0.381844825665674  2.366095524907657E-003  2.697878972798655E-003  9.749498894193680E-003  1.846676018096417E-003  5.611838803227489E-002  0.000000000000000  0.000000000000000
    9776213505.19798  0.997551673308767 -5.070630626542582E-013  0.590991821762044  0.386345165349822  2.354931422358097E-003  2.754161480773099E-003  9.698151097329605E-003  1.846437370581430E-003  6.441312801776192E-002  0.000000000000000  0.000000000000000
    9994171517.85279  0.997436620381270 -5.424200235294382E-013  0.586815256661759  0.390413630298062  2.345861610608320E-003  2.806775688790375E-003  9.648353437973253E-003  1.846219933426253E-003  7.220209399232129E-002  0.000000000000000  0.000000000000000
    10179609865.9341  0.997332262779550 -5.769088575659370E-013  0.583092629983610  0.394038591253337  2.338667334391688E-003  2.854908708526772E-003  9.601355311847403E-003  1.846028429187198E-003  7.936676451973288E-002  0.000000000000000  0.000000000000000
    10336221861.4076  0.997238871753237 -6.097457040512463E-013  0.579811157864242  0.397232971282652  2.333064910253539E-003  2.898279912528034E-003  9.557864113298423E-003  1.845849627297853E-003  8.585983961855860E-002  0.000000000000000  0.000000000000000
    10468414933.4664  0.997155861488568 -6.404658504465719E-013  0.576929976629038  0.400036996128218  2.328739327810489E-003  2.937010688444264E-003  9.518111387697630E-003  1.845699653789334E-003  9.168856591895116E-002  0.000000000000000  0.000000000000000
    10579999481.1947  0.997082521687020 -6.687451392889232E-013  0.574407368605508  0.402491619006430  2.325389269415248E-003  2.971423237160560E-003  9.482147454060913E-003  1.845563586519891E-003  9.691887680584593E-002  0.000000000000000  0.000000000000000
    10674321371.6898  0.997018003296399 -6.944179801593488E-013  0.572200463147694  0.404638862503735  2.322764924138595E-003  3.001996262216622E-003  9.449744255846646E-003  1.845442121262403E-003  0.101550727910840  0.000000000000000  0.000000000000000
    10754269607.5973  0.996961388341314 -7.174394905379087E-013  0.570267415515799  0.406519680622859  2.320654761994367E-003  3.029027107052684E-003  9.420788643297898E-003  1.845339556294487E-003  0.105685916059897  0.000000000000000  0.000000000000000
    10822346692.4240  0.996911716969979 -7.378463727556678E-013  0.568568176954112  0.408173152971263  2.318887931630630E-003  3.053133553080519E-003  9.394849894901306E-003  1.845251856338662E-003  0.109364273092797  0.000000000000000  0.000000000000000
    10880791010.1544  0.996867966969696 -7.557451442978831E-013  0.567065467963158  0.409635609245411  2.317331397519302E-003  3.074709804963539E-003  9.371606927587912E-003  1.845170895162123E-003  0.112633014795916  0.000000000000000  0.000000000000000
    10931654751.4163  0.996829053429354 -7.712135877535699E-013  0.565725100645524  0.410940207569386  2.315903919775108E-003  3.094179864528607E-003  9.350661041198443E-003  1.845101759931709E-003  0.115603028512836  0.000000000000000  0.000000000000000
    10976542252.6985  0.996794078635821 -7.844912206041090E-013  0.564520566912382  0.412112554643010  2.314545838833668E-003  3.111864395121840E-003  9.331765967308746E-003  1.845036897923145E-003  0.118294479935635  0.000000000000000  0.000000000000000
    11017397979.3687  0.996761672138147 -7.989192846406556E-013  0.563411520279535  0.413191803885705  2.313264109521019E-003  3.128229354660843E-003  9.314291236423134E-003  1.844962946069463E-003  0.120737815688804  0.000000000000000  0.000000000000000
    11054826215.2701  0.996731474141324 -8.120885911860238E-013  0.562384644712162  0.414190849589631  2.311995169802774E-003  3.143466020665688E-003  9.298158798824394E-003  1.844893257229595E-003  0.123104394298352  0.000000000000000  0.000000000000000
    11089660491.7936  0.996702877401200 -8.277906739791005E-013  0.561424569355184  0.415124609829454  2.310848893108032E-003  3.157654123151935E-003  9.283015700010948E-003  1.844840271938836E-003  0.125268005006753  0.000000000000000  0.000000000000000
    11122827638.5312  0.996675079435731 -8.451916004213315E-013  0.560505101127585  0.416018451422481  2.309801402512154E-003  3.171232425211684E-003  9.268487439227700E-003  1.844790458705694E-003  0.127455754982209  0.000000000000000  0.000000000000000
    11154907008.4092  0.996647516069287 -8.692789589399510E-013  0.559617227663781  0.416880977938298  2.308943470347969E-003  3.184277548755357E-003  9.254266648764556E-003  1.844731562827184E-003  0.129552169256347  0.000000000000000  0.000000000000000
    11186360646.1933  0.996619641287861 -8.994323295316955E-013  0.558743392963130  0.417729121042319  2.308295365294476E-003  3.197074503453551E-003  9.240127399400196E-003  1.844664526998463E-003  0.131654684823575  0.000000000000000  0.000000000000000
    11217840487.9738  0.996590612326767 -9.390848092899500E-013  0.557866046157953  0.418579730243889  2.307929890110705E-003  3.209884267369074E-003  9.225581370403571E-003  1.844606424901038E-003  0.133887245346506  0.000000000000000  0.000000000000000
    11249920065.7774  0.996559495954955 -9.921430275971503E-013  0.556965298513607  0.419451837429819  2.307825975197167E-003  3.223007132889133E-003  9.210281016321126E-003  1.844553363665100E-003  0.136196536445081  0.000000000000000  0.000000000000000
    11282910960.9751  0.996525402419638 -1.062993041208936E-012  0.556024562600918  0.420361220791785  2.308001262352079E-003  3.236782196899091E-003  9.193793257653045E-003  1.844504533395281E-003  0.138650223974944  0.000000000000000  0.000000000000000
    11316948903.7746  0.996487380871961 -1.156215186598788E-012  0.555027474358127  0.421323364547838  2.308394834274074E-003  3.251537014617955E-003  9.175810078110782E-003  1.844433775658925E-003  0.141322567959734  0.000000000000000  0.000000000000000
    11351864077.5368  0.996444599044404 -1.275105930975789E-012  0.553943613266399  0.422367776105794  2.308581321307730E-003  3.268095148762113E-003  9.155999151088846E-003  1.844355130901639E-003  0.144231463582044  0.000000000000000  0.000000000000000
    11387666225.9126  0.996395744788282 -1.428430191145650E-012  0.552779994161839  0.423485947910250  2.308667717419020E-003  3.286807749587008E-003  9.134032745333659E-003  1.844323409189016E-003  0.147329687470292  0.000000000000000  0.000000000000000
    11424315624.4243  0.996339194703108 -1.626219512124412E-012  0.551501924074054  0.424711539082871  2.308516181848821E-003  3.307274477914794E-003  9.109797714244674E-003  1.844409380796683E-003  0.150678041234362  0.000000000000000  0.000000000000000
    11451055819.9145  0.996292857723251 -1.810559705268735E-012  0.550492446073712  0.419716360894986  2.307878757405946E-003  9.256716269717245E-003  9.090524033805297E-003  1.844303248218143E-003  0.153279991061419  0.391856817424934  0.000000000000000
    11455972006.0775  0.996283844316693 -1.846460904243661E-012  0.550307691460540  0.419874841226660  2.307899195856379E-003  9.277391031871350E-003  9.086858031393071E-003  1.844288892040877E-003  0.153773402945303  0.390460288879315  0.000000000000000
    11460960773.0253  0.996274549598929 -1.873298847009083E-012  0.550072209852302  0.419855390286778  2.306808066450954E-003  9.524323534096940E-003  9.083084046561321E-003  1.844274039676315E-003  0.154282806016376  0.000000000000000  0.000000000000000
    11473374421.5970  0.996250557177498 -1.972761709080700E-012  0.549583490763625  0.420318532034223  2.306752936777649E-003  9.535723003845995E-003  9.073457556213615E-003  1.844231548024765E-003  0.155552449653300  0.000000000000000  0.000000000000000
    11497891531.0372  0.996198983534137 -2.192847848332648E-012  0.548520815023702  0.421340936576613  2.305422441136054E-003  9.546167001686271E-003  9.053446094662378E-003  1.844136221714952E-003  0.158133416026589  0.000000000000000  0.000000000000000
    11509514715.9464  0.996172669525774 -2.309938438372833E-012  0.547988601920241  0.421852990695729  2.304603282588541E-003  9.550945057971733E-003  9.043553991164094E-003  1.844090323725603E-003  0.159390398609517  0.000000000000000  0.000000000000000
    11533467203.1889  0.996113386666176 -2.591940111327613E-012  0.546851775809395  0.422939971916338  2.303568242523249E-003  9.564484878448074E-003  9.022025846147054E-003  1.843978131922713E-003  0.162092631559558  0.000000000000000  0.000000000000000
    11559807922.5158  0.996039240714614 -2.965570358950483E-012  0.545468358893298  0.419026143353147  2.285934420170515E-003  1.480381103405098E-002  8.996455496229711E-003  1.843829607696782E-003  0.165283979999182  0.000000000000000  0.000000000000000
    11568124632.2659  0.996013869088925 -3.106032753638093E-012  0.545025980070271  0.419446243952222  2.285759005423867E-003  1.480951615996711E-002  8.988007207865532E-003  1.843778666067693E-003  0.166338380898168  0.000000000000000  0.000000000000000
    11573368808.5009  0.995997336855640 -3.180236232639976E-012  0.544674983517923  0.419793497090717  2.283966091744912E-003  1.480422231676450E-002  8.982572592325502E-003  1.843750782771173E-003  0.167017666518468  0.000000000000000  0.000000000000000
    11585325423.2016  0.995957687950932 -3.407928988014655E-012  0.543994961915899  0.420439474783067  2.283526414612612E-003  1.481210739002230E-002  8.969791005675866E-003  1.843679689472126E-003  0.168586913551876  0.000000000000000  0.000000000000000
    11600181745.7023  0.995904149684165 -3.732531746468770E-012  0.543109120499565  0.421278247129400  2.283088313142102E-003  1.482307435458129E-002  8.953133155782574E-003  1.843595612186601E-003  0.170591722294754  0.000000000000000  0.000000000000000
    11613046409.2184  0.995853931463402 -4.021093403580972E-012  0.542228213114147  0.422124630505788  2.275574846720612E-003  1.483045944295485E-002  8.938018410408050E-003  1.843504183116613E-003  0.172391885768900  0.000000000000000  0.000000000000000
    11641053117.5416  0.995727364069970 -4.882749350162774E-012  0.540278785445640  0.423962689579006  2.274346589997802E-003  1.485313071574982E-002  8.902171162460018E-003  1.843299534062934E-003  0.176621499299225  0.000000000000000  0.000000000000000
    11650340634.9956  0.995680224803653 -5.185828337214461E-012  0.539514006454017  0.424693875765506  2.272413514873497E-003  1.485466414440045E-002  8.889460173215774E-003  1.843208433462548E-003  0.178115952688848  0.000000000000000  0.000000000000000
    11666927992.5682  0.995587248945364 -5.898142831017777E-012  0.538169616624567  0.425957275956273  2.271281764526544E-003  1.486850167972975E-002  8.865369516247760E-003  1.843034813489201E-003  0.180954401537217  0.000000000000000  0.000000000000000
    11694937013.5717  0.995395947066099 -7.536838426182457E-012  0.535607074314992  0.428349695579245  2.269489193167160E-003  1.489608275471080E-002  8.819597961800506E-003  1.842680676999160E-003  0.186201749406825  0.000000000000000  0.000000000000000
    11713723445.2217  0.995237095923020 -9.067280120484597E-012  0.533636181757094  0.430177879625559  2.268180582882644E-003  1.491709299880086E-002  8.784725661155280E-003  1.842388363020719E-003  0.190126140612105  0.000000000000000  0.000000000000000
    11722102061.6098  0.995157503945660 -9.776199132247292E-012  0.532609166962281  0.431141191445498  2.265975179885086E-003  1.492070080700481E-002  8.768037652328848E-003  1.842230153016563E-003  0.191992895529417  0.000000000000000  0.000000000000000
    11740363705.4568  0.994955046636246 -1.203573706828460E-011  0.530326264376620  0.433240364240897  2.264515616239151E-003  1.494454474027915E-002  8.728137255687038E-003  1.841859323938992E-003  0.196447554068955  0.000000000000000  0.000000000000000
    11761591057.9886  0.994654035040301 -1.581494015888147E-011  0.527287538024781  0.435996338586346  2.263993436148011E-003  1.498237563316603E-002  8.674331292946906E-003  1.841294889951692E-003  0.202333730936084  0.000000000000000  0.000000000000000
    11780639550.2089  0.994298446280853 -2.082150893672394E-011  0.524018226454136  0.438931428320921  2.263182869175608E-003  1.502086983357440E-002  8.617329342256165E-003  1.840654566770699E-003  0.208440111258866  0.000000000000000  0.000000000000000
    11798144716.0200  0.993870292800369 -2.705571620383608E-011  0.520428086807266  0.442117977780751  2.261932084069370E-003  1.506167788119240E-002  8.555675541002296E-003  1.839868365275547E-003  0.214982535315186  0.000000000000000  0.000000000000000
    11815651624.7629  0.993326441194363 -3.370411936523658E-011  0.516237355376623  0.445793036741552  2.258712727974705E-003  1.510957577576951E-002  8.485963264876215E-003  1.838843942765476E-003  0.222306094338396  0.000000000000000  0.000000000000000
    11832272046.4609  0.992689549135353 -4.212235255348959E-011  0.511684064604134  0.449735748104888  2.249403390216700E-003  1.516389846343824E-002  8.418327335529044E-003  1.837680625483781E-003  0.229638276909743  0.000000000000000  0.000000000000000
    11845530533.4438  0.992034489386742 -5.547335084940605E-011  0.507391057025527  0.453395629379387  2.235568324888708E-003  1.521460772094261E-002  8.363439299076369E-003  1.836458868256674E-003  0.235866394940910  0.000000000000000  0.000000000000000
    11856307502.7430  0.991316239657035 -7.556887997341752E-011  0.503138624221056  0.456952300452903  2.219829949274441E-003  1.526270560888622E-002  8.312919466458666E-003  1.835136334544265E-003  0.241601404684356  0.000000000000000  0.000000000000000
    11865447723.0953  0.990479800858214 -1.040134998628358E-010  0.498689871631698  0.460591366058012  2.202793686203371E-003  1.531030942477694E-002  8.260630705737169E-003  1.833584718409807E-003  0.247435833139909  0.000000000000000  0.000000000000000
    11873385034.8935  0.989475940583830 -1.440799923910006E-010  0.493899755423083  0.464410804048283  2.184296927476188E-003  1.535857616158420E-002  8.203657833423547E-003  1.831725926691766E-003  0.253587532074923  0.000000000000000  0.000000000000000
    11880251100.2673  0.988268688199158 -2.007557768389765E-010  0.488735317780971  0.468409037455909  2.164291932413159E-003  1.540705932328409E-002  8.141260549712324E-003  1.829485513299101E-003  0.260068279632979  0.000000000000000  0.000000000000000
    11886145082.2115  0.986820294090493 -2.813384706885020E-010  0.483181601180277  0.472564702335122  2.142724939968256E-003  1.545492595215719E-002  8.073092357819666E-003  1.826804794669465E-003  0.266899126698086  0.000000000000000  0.000000000000000
    11891162184.9442  0.985087091252066 -3.960984686776379E-010  0.477224587095893  0.476849655635550  2.119544281253621E-003  1.550126905688236E-002  7.998850957551625E-003  1.823596700220938E-003  0.274068341002276  0.000000000000000  0.000000000000000
    11895435122.5399  0.983005605891340 -5.591716883884841E-010  0.470804010940586  0.481262880609862  2.094514855063376E-003  1.554538725074799E-002  7.917631089230725E-003  1.819743783745902E-003  0.281544655927252  0.000000000000000  0.000000000000000
    11899065853.4227  0.980506506051954 -7.903754780613300E-010  0.463872577277109  0.485784773342361  2.067447075822635E-003  1.558617513722272E-002  7.828675805751173E-003  1.815118353466271E-003  0.289370808642132  0.000000000000000  0.000000000000000
    11902144647.6721  0.977504220586277 -1.121063602389063E-009  0.456369571535255  0.490393436191409  2.038088249228779E-003  1.562234135330446E-002  7.731042780610007E-003  1.809560053979437E-003  0.297561092971602  0.000000000000000  0.000000000000000
    11904761256.3358  0.973883565367646 -1.591002812984400E-009  0.448194223959567  0.495078501687298  2.006031355431593E-003  1.565235983429232E-002  7.623252335256955E-003  1.802857411307184E-003  0.306124113416023  0.000000000000000  0.000000000000000
    11906990346.2826  0.969505264376237 -2.258497096819489E-009  0.439231637375278  0.499820472830138  1.970805194080012E-003  1.567429998806270E-002  7.503592808660623E-003  1.794752204297102E-003  0.315095263263249  0.000000000000000  0.000000000000000
    11908889812.0633  0.964204393555317 -3.211380547425835E-009  0.429359766938228  0.504582238421029  1.931898615976934E-003  1.568566071340681E-002  7.370216331774468E-003  1.784939073434070E-003  0.324512239676199  0.000000000000000  0.000000000000000
    11910511415.5177  0.957771160905785 -4.563529671562362E-009  0.418418077734998  0.509321900408170  1.888640872865021E-003  1.568332473084829E-002  7.220707417636652E-003  1.773029579871457E-003  0.334382867335255  0.000000000000000  0.000000000000000
    11911900804.7230  0.949944056188746 -6.476112696064733E-009  0.406205775377541  0.513987913831985  1.840188046951472E-003  1.566341508001516E-002  7.052056271842064E-003  1.758539730552060E-003  0.344747632435744  0.000000000000000  0.000000000000000
    11913095056.6403  0.940396494844946 -9.190757080114730E-009  0.392478471787048  0.518509537958476  1.785509146612154E-003  1.562097384661744E-002  6.860594136885894E-003  1.740864935366480E-003  0.355664587137829  0.000000000000000  0.000000000000000
    11914124709.6694  0.928721103337879 -1.302419321995459E-008  0.376937587713272  0.522792263467786  1.723346312329572E-003  1.554969423293431E-002  6.641842932520287E-003  1.719251003730982E-003  0.367136258109179  0.000000000000000  0.000000000000000
    11915011608.1885  0.914502207153539 -1.838332620184019E-008  0.359323997914218  0.526694057459901  1.652575586754598E-003  1.544242155355933E-002  6.391847698802662E-003  1.692928458208135E-003  0.379161356974836  0.000000000000000  0.000000000000000
    11915771131.0122  0.897374188389655 -2.580044169563291E-008  0.339471503939049  0.530028183464681  1.572416347694412E-003  1.529191305931894E-002  6.107949800567154E-003  1.661220492362016E-003  0.391612786094507  0.000000000000000  0.000000000000000
    11916418520.9877  0.877007375893678 -3.584595801112703E-008  0.317260054340223  0.532596408703864  1.482275598329051E-003  1.509114933200777E-002  5.788175313341563E-003  1.623517202604367E-003  0.404335490640437  0.000000000000000  0.000000000000000
    11916967642.9461  0.853191415815991 -4.918772779191810E-008  0.292683723854754  0.534201455071350  1.382028803643000E-003  1.483452062474821E-002  5.432247144192031E-003  1.579431365147846E-003  0.417138662980491  0.000000000000000  0.000000000000000
    11917429535.0881  0.825945718024527 -6.649359623139119E-008  0.265937722421553  0.534666496731887  1.272437169087582E-003  1.451944239899944E-002  5.042877011513858E-003  1.529009342639422E-003  0.429735912636026  0.000000000000000  0.000000000000000
    11917815050.3883  0.795532298249468 -8.835953096750758E-008  0.237389596791139  0.533875972326347  1.155470434740095E-003  1.414713555874706E-002  4.625402567447508E-003  1.472776616210897E-003  0.441859812000388  0.000000000000000  0.000000000000000
    11918134427.4881  0.762446456148564 -1.150352858735911E-007  0.207547735915294  0.531795362943903  1.036913671762066E-003  1.372285943534471E-002  4.187336588373344E-003  1.411780339819189E-003  0.453228125103394  0.000000000000000  0.000000000000000
    11918246048.5179  0.748624968381281 -1.268714083820600E-007  0.195385712639570  0.530616551826450  9.933728305183399E-004  1.354075808227407E-002  4.008398136736954E-003  1.386420242195483E-003  0.457524742726423  0.000000000000000  0.000000000000000
    12158478131.1037  0.745748811185963 -3.119738199686152E-010  0.184231067200866  0.543952968879258  3.142814561750213E-003  7.183098378901647E-003  3.039348284770869E-003  1.536570867599668E-003  0.460410448117589  0.000000000000000  0.000000000000000
    12158836626.1339  0.745641456554513 -2.994591902699222E-010  0.183937194638456  0.543644538079359  3.619369361073187E-003  7.162105624909556E-003  3.046745013259337E-003  1.568976100809972E-003  0.460965309784772  0.000000000000000  0.000000000000000
    12160557402.2787  0.745173206008140 -2.578772022959158E-010  0.182627224531123  0.542056638134022  5.936256326208314E-003  7.058879743952849E-003  3.104279995928266E-003  1.729211027353014E-003  0.463285548248523  0.000000000000000  0.000000000000000
    12161633629.0120  0.744906348433454 -2.420892134553894E-010  0.181870360126570  0.540996899820816  7.395884738897874E-003  6.993286207628177E-003  3.158683768210200E-003  1.831547269136643E-003  0.464534880517877  0.000000000000000  0.000000000000000
    12162936134.5367  0.744601784816584 -2.289126904108863E-010  0.180998938503984  0.539654558995943  9.176047647977619E-003  6.912758504774095E-003  3.243556519494714E-003  1.957410983049726E-003  0.465898652930435  0.000000000000000  0.000000000000000
    12164512698.0967  0.744252391229213 -2.173291132240707E-010  0.179992651054301  0.537959879642370  1.134084865107929E-002  6.814393514480577E-003  3.376182697973835E-003  2.111263830930978E-003  0.467394636091293  0.000000000000000  0.000000000000000
    12166468610.3004  0.743839491858600 -2.072915698807047E-010  0.178799016044191  0.535762789582954  1.402641087190579E-002  6.708152918378032E-003  3.583449529943108E-003  2.304074898137320E-003  0.469085558404216  0.000000000000000  0.000000000000000
    12168817775.2841  0.743364882191313 -1.989243453872426E-010  0.177425469174885  0.533001481397799  1.728074309856071E-002  6.594834776603750E-003  3.887336493981709E-003  2.521218418887869E-003  0.470947224344362  0.000000000000000  0.000000000000000
    12171500838.2358  0.742842548708532 -1.922521982537851E-010  0.175916438051969  0.529704492608066  2.102430914307522E-002  6.425278366640205E-003  4.328155124861670E-003  2.792070224433510E-003  0.472916348462215  0.000000000000000  0.000000000000000
    12174498778.1148  0.742276432762332 -1.868599066120636E-010  0.174288137579433  0.525855095746199  2.522130228383717E-002  6.263021884198604E-003  4.917447539938238E-003  3.081765842393034E-003  0.474976082416013  0.000000000000000  0.000000000000000
    12177782612.8070  0.741671770177528 -1.825168282761772E-010  0.172560852852132  0.521449147403473  2.984123739168004E-002  6.055476093695534E-003  5.700406074945235E-003  3.417282269025371E-003  0.477107170765491  0.000000000000000  0.000000000000000
    12181308431.5792  0.741035974925893 -1.789929501487626E-010  0.170760997499352  0.516506305133518  3.482653613261684E-002  5.845068257851768E-003  6.682833395862835E-003  3.769268019306041E-003  0.479284197464139  0.000000000000000  0.000000000000000
    12185007951.1638  0.740380314519111 -1.761621719201990E-010  0.168925147987476  0.511089284943855  4.008729471930945E-002  5.613350323261482E-003  7.896436700782251E-003  4.126307819208687E-003  0.481470217699025  0.000000000000000  0.000000000000000
    12188809537.4983  0.739716006185145 -1.738530750974331E-010  0.167088185078331  0.505280529179338  4.551012490059728E-002  5.389133125814096E-003  9.335409698534077E-003  4.472627785977448E-003  0.483630788981415  0.000000000000000  0.000000000000000
    12192719715.4602  0.739041013015020 -1.718287567000830E-010  0.165247804169905  0.499049905658978  5.109733660465947E-002  5.175851976184156E-003  1.102945492702090E-002  4.803186620966368E-003  0.485774855998622  0.000000000000000  0.000000000000000
    12196719696.4566  0.738358069846357 -1.700225783350891E-010  0.163414858230545  0.492405363218547  5.681209295538629E-002  4.977730595327071E-003  1.300131460697894E-002  5.111783222087156E-003  0.487895168955314  0.000000000000000  0.000000000000000
    12200773160.4338  0.737673048751953 -1.683472548443649E-010  0.161608127133524  0.485390250626835  6.258737915058754E-002  4.799004116153251E-003  1.526382378059891E-002  5.392080102887695E-003  0.489975647952797  0.000000000000000  0.000000000000000
    12204837666.6845  0.736992628442478 -1.668121038517359E-010  0.159847345247509  0.478068633202166  6.834555698822515E-002  4.642223381112092E-003  1.781886048584780E-002  5.640137570703559E-003  0.492000288999091  0.000000000000000  0.000000000000000
    12208909011.4362  0.736316823305687 -1.654397222143704E-010  0.158133953343599  0.470441821871599  7.406246148623928E-002  4.506768616700758E-003  2.068761913356492E-002  5.856817243029262E-003  0.493975595084757  0.000000000000000  0.000000000000000
    12212992335.2832  0.735644589573546 -1.641187381823294E-010  0.156467281666221  0.462494275090858  7.972075492546493E-002  4.391177108776021E-003  2.390199964419896E-002  6.044189848386560E-003  0.495912641009984  0.000000000000000  0.000000000000000
    12217100028.5248  0.734973588685280 -1.628330530060671E-010  0.154843845354301  0.454194035436382  8.531180437610974E-002  4.292342529964482E-003  2.750241108417753E-002  6.206693066763534E-003  0.497828791795489  0.000000000000000  0.000000000000000
    12221228872.3230  0.734304266976496 -1.616447815559285E-010  0.153267378134565  0.445536220946088  9.079943818682102E-002  4.208018945048186E-003  3.152572775919809E-002  6.347478544216242E-003  0.499609394082004  0.000000000000000  0.000000000000000
    12225361282.8682  0.733639159487885 -1.604857415110818E-010  0.151746227706543  0.436554325529297  9.612297620654822E-002  4.135402457267412E-003  3.599226551183149E-002  6.470380414816261E-003  0.501211385235468  0.000000000000000  0.000000000000000
    12229487148.5544  0.732979316092093 -1.595973808493196E-010  0.150284565113599  0.427265758956311  0.101229330700461  4.071868880030143E-003  4.093352206277972E-002  6.579101709557317E-003  0.502721276996852  0.000000000000000  0.000000000000000
    12233636743.7484  0.732318823689567 -1.588997806035422E-010  0.148870592647769  0.417607838748720  0.106109366152985  4.012904875133295E-003  4.642520024009170E-002  6.680154682825965E-003  0.504156265353369  0.000000000000000  0.000000000000000
    12237840387.7048  0.731652052266939 -1.584645170017183E-010  0.147495443306482  0.407502389318915  0.110735440158559  3.957213604894246E-003  5.257575012670344E-002  6.775485190137298E-003  0.505530334013943  0.000000000000000  0.000000000000000
    12242064637.1841  0.730983324627204 -1.582302975758271E-010  0.146171435266821  0.397031169505387  0.114988476343910  3.905426426235661E-003  5.941494477243604E-002  6.863971998138296E-003  0.506840354636591  0.000000000000000  0.000000000000000
    12246338124.5876  0.730306902159556 -1.583903817443733E-010  0.144890964522100  0.386122069727932  0.118793695709456  3.857329634075667E-003  6.709143061656847E-002  6.945977311952483E-003  0.508110802685005  0.000000000000000  0.000000000000000
    12250673459.3730  0.729618757079723 -1.590233717711792E-010  0.143650426172805  0.374748600615681  0.122032880903681  3.811787151222605E-003  7.574906039397569E-002  7.023067957462489E-003  0.509377136399248  0.000000000000000  0.000000000000000
    12254949719.0865  0.728935748873798 -1.603011731411233E-010  0.142481801165948  0.363257392088979  0.124458348161952  3.771025746973315E-003  8.527500784761944E-002  7.091720718906840E-003  0.510663235271538  0.000000000000000  0.000000000000000
    12259080454.6319  0.728268675918483 -1.624041647780853E-010  0.141399339332399  0.351935896982541  0.125914286604481  3.733500902581940E-003  9.553361434147671E-002  7.154011025133444E-003  0.511698937515883  0.214225569767540  0.000000000000000
    12262918037.3537  0.727639085505407 -1.653069760733745E-010  0.140428423962194  0.341274196537451  0.126300615006800  3.701495803752375E-003  0.106131974540990  7.206635116377944E-003  0.512476259881802  0.237705066730134  0.000000000000000
    12265462932.8413  0.727214390748328 -1.678997905299342E-010  0.139799000545254  0.334156232454772  0.125944062118227  3.681868191398717E-003  0.113800342829962  7.238676322828997E-003  0.512958619497328  0.247438835618404  0.000000000000000
    12266601585.3860  0.727022265277462 -1.693016901827117E-010  0.139520067556738  0.330965159554768  0.125619079705426  3.673331723172821E-003  0.117398584055994  7.252531535902064E-003  0.513169737675130  0.250924099624734  0.000000000000000
    12269128833.9691  0.726589070267263 -1.728531525236698E-010  0.138904680375086  0.323865090849812  0.124461331380937  3.650083344411870E-003  0.125826834240420  7.289116450001381E-003  0.513633397153017  0.259376111710510  0.000000000000000
    12272281889.8996  0.726034235339545 -1.782012474019251E-010  0.138136584175098  0.314996042637597  0.122237459151446  3.615941367166378E-003  0.137116682336529  7.341612095042166E-003  0.514214074746963  0.269254642314194  0.000000000000000
    12275180263.1124  0.725507374886329 -1.843527677515584E-010  0.137422940744997  0.306878660175211  0.119340554656418  3.584481277497910E-003  0.148303078007951  7.389660855437008E-003  0.514762240347014  0.276939728823514  0.000000000000000
    12277690439.0786  0.725034838781245 -1.910565599469674E-010  0.136791912977335  0.299917205230148  0.116051929925881  3.558316262424242E-003  0.158699660781954  7.429528920384875E-003  0.515258320481596  0.283175758418360  0.000000000000000
    12281064024.2234  0.724366614380011 -2.031320069163479E-010  0.135905600137371  0.290762472062170  0.110171831677695  3.525483682240099E-003  0.173937741176573  7.479623589093267E-003  0.515974604067971  0.290439828089717  0.000000000000000
    12286724397.2849  0.723107709767828 -2.391314203336697E-010  0.134202932408562  0.276373348522470  9.538867861164045E-002  3.478064600588051E-003  0.203532104610608  7.553285063673234E-003  0.517398397598251  0.300621659147121  0.000000000000000
    12290199980.4595  0.722185005416171 -2.884394396547715E-010  0.132876235176778  0.268537107532423  8.253764062491921E-002  3.455166337441552E-003  0.224611794789869  7.591114103736780E-003  0.518545181845135  0.305622946260278  0.000000000000000
    12292221287.2442  0.721531186160082 -3.552205621297557E-010  0.131864400273455  0.264600239691482  7.338306394291004E-002  3.446281030670083E-003  0.238055232931831  7.608396756383416E-003  0.519473052121539  0.307773231802782  0.000000000000000
    12293178408.7632  0.721145930554193 -4.517541170718685E-010  0.131206407185538  0.263076732537129  6.863307746286491E-002  3.446888143533140E-003  0.244598975297503  7.611680968761275E-003  0.520153595006988  0.307673407536405  0.000000000000000
    12293516089.7295  0.720972129778530 -5.754005944486029E-010  0.130828850283319  0.262752262037301  6.702849445734173E-002  3.449674378415637E-003  0.246728090496138  7.618077193772065E-003  0.520467356578282  0.306652583100525  0.000000000000000
    12293663742.8793  0.720875626625691 -7.233705613506171E-010  0.130567006242044  0.262751643602376  6.646284150430402E-002  3.451893554961042E-003  0.247458393742866  7.617464166659916E-003  0.520577301018097  0.306236242258914  0.000000000000000
    12293739588.4913  0.720813650542960 -8.971828354656120E-010  0.130377075743289  0.262840498548248  6.630020978511417E-002  3.453590212492337E-003  0.247659006815837  7.617077117647748E-003  0.520572233611349  0.305518835787491  0.000000000000000
    12293785805.8149  0.720766962627247 -1.099268016060884E-009  0.130235981581324  0.262938585599282  6.627516469207525E-002  3.454959718157595E-003  0.247679425021304  7.616813455221798E-003  0.520578363608020  0.305450204391455  0.000000000000000
    12293826703.3030  0.720715997100944 -1.348885769096692E-009  0.130097882446308  0.263022961200223  6.626168510764174E-002  3.456043860381760E-003  0.247694801844472  7.616771281797940E-003  0.520598516129678  0.305371251175007  0.000000000000000
    12293871378.2246  0.720647465333175 -1.664249827767101E-009  0.129931840868417  0.263121586368138  6.623056096975303E-002  3.457092134758407E-003  0.247724173232813  7.616603954899825E-003  0.520721208625499  0.305064750340764  0.000000000000000
    12293918427.4151  0.720557908970891 -2.074675619836221E-009  0.129742165365660  0.263220893340962  6.618133927283846E-002  3.457816061250571E-003  0.247773571617230  7.616819388988930E-003  0.520925256969728  0.304866315313037  0.000000000000000
    12293969593.8854  0.720436142834837 -2.586214259104202E-009  0.129524338883397  0.263304253558278  6.610255743152406E-002  3.457139527019386E-003  0.247864135996727  7.618825961806455E-003  0.521198761152465  0.304117659521855  0.000000000000000
    12294033925.8592  0.720247111116959 -3.142027417772534E-009  0.129235162645425  0.263348848129771  6.595510668836040E-002  3.451899756749854E-003  0.248064850755239  7.627026730760253E-003  0.521570801425431  0.303700386172342  0.000000000000000
    12294135146.8166  0.719915400870692 -3.219873169892741E-009  0.128763747226649  0.263243288970539  6.561078243581410E-002  3.434649666070821E-003  0.248647350144507  7.653448335235037E-003  0.522145978184156  0.303452664774505  0.000000000000000
    12294214317.0748  0.719681716640117 -2.755821947343347E-009  0.128431432884585  0.262964248429771  6.532910420291542E-002  3.419178516109525E-003  0.249300403341706  7.676029220773108E-003  0.522530501831184  0.303101080597460  0.000000000000000
    12294299832.3143  0.719467789268845 -2.363914617695139E-009  0.128144822952787  0.262551413645451  6.506154125478917E-002  3.403612361366306E-003  0.250047167022528  7.698654985888404E-003  0.522890004832055  0.302629977746235  0.000000000000000
    12294417266.9346  0.719211326379751 -2.086401254778401E-009  0.127813318204714  0.261920859338001  6.472647902113196E-002  3.384305612506900E-003  0.251080041585297  7.726668048484798E-003  0.523244172750944  0.302994672096575  0.000000000000000
    12294575861.8496  0.718901412134122 -1.883326821863005E-009  0.127426114669501  0.260945717620045  6.433337200503773E-002  3.359231957817570E-003  0.252515580958869  7.762859846534642E-003  0.523582864761863  0.303522461223532  0.000000000000000
    12294794904.8079  0.718508176649058 -1.750871651411806E-009  0.126951896386822  0.259391484715895  6.391607845358145E-002  3.324904198392765E-003  0.254554579479750  7.812118655984793E-003  0.524060621577104  0.305713659504045  0.000000000000000
    12295097685.4727  0.717993024236386 -1.680159913009735E-009  0.126364725893686  0.256835256520902  6.362097276385701E-002  3.273866702314332E-003  0.257456423835852  7.890623912749341E-003  0.524454682639178  0.309793543416210  0.000000000000000
    12295514257.1535  0.717294907082029 -1.683879218727838E-009  0.125631967208972  0.252541937149551  6.382076550233331E-002  3.194942784575340E-003  0.261553644354812  8.005313843204242E-003  0.524939900925277  0.317449893871250  0.000000000000000
    12296037033.5229  0.716385594214098 -1.790449988507957E-009  0.124774037466312  0.246027250364429  6.492587786302173E-002  3.087109736221350E-003  0.266871154328450  8.159023103785085E-003  0.525345248158110  0.327967118310810  0.000000000000000
    12296582513.2731  0.715339998015703 -2.017141494724188E-009  0.123883222195317  0.237802868401445  6.692347814840689E-002  2.963037968562286E-003  0.272898310285219  8.330975089074212E-003  0.525504811718748  0.339464973199072  0.327313883459463
    12297106994.4025  0.714181283998970 -2.354020693943310E-009  0.122968463852268  0.228502438276295  6.945526459107923E-002  2.828820534291169E-003  0.279375061099215  8.517214171573235E-003  0.525679608463504  0.350228408816821  0.332108436651541
    12297606074.2068  0.712877728771760 -2.802572045827292E-009  0.121990674116874  0.218334092010431  7.228663494954668E-002  2.689852359545890E-003  0.286338377700381  8.708781348873593E-003  0.525794512619803  0.361372951855227  0.339181247499500
    12298073800.3614  0.711412696812121 -3.373092949393164E-009  0.120927931857409  0.207504420202687  7.527495950608579E-002  2.545451760283475E-003  0.293712509108933  8.962223907433707E-003  0.525912618386959  0.373232561532830  0.347080733424862
    12298509488.3337  0.709763124229023 -4.089468747101357E-009  0.119756840756659  0.196090861908516  7.841823481369496E-002  2.396489269219075E-003  0.301456307939069  9.164641029144956E-003  0.526001211139834  0.384529972710118  0.355687421226517
    12298905843.4568  0.707940145853007 -4.977999662986716E-009  0.118484982181911  0.184386370338982  8.164053894922601E-002  2.236227194939123E-003  0.309336308241500  9.382432091732120E-003  0.526108483735467  0.396296011242870  0.364836775086483
    12299581369.0664  0.703658238322513 -7.399687048545136E-009  0.115541513227472  0.160426664875342  8.822423950969638E-002  1.905905730577369E-003  0.325121283475635  1.017357511275103E-002  0.526361169241138  0.419786656663264  0.384724570577201
    12300551694.6337  0.691667817953065 -1.785039977554725E-008  0.106691966585663  0.116574676437410  0.100858674978686  1.310481918746344E-003  0.353084665999423  1.086425114931890E-002  0.528362413981792  0.462341349019380  0.423133484573697
    12301161079.4767  0.671615185907837 -4.855177701271689E-008  9.005592117326547E-002  8.695076304025443E-002  0.109390765187206  9.439046269488104E-004  0.370738321396399  1.138347815085313E-002  0.534176954128011  0.490067420657526  0.440471634600382
    12301656084.9749  0.630639084897327 -1.102813074998684E-007  5.628810948459857E-002  5.916818460078801E-002  0.116850716359942  6.253742001199597E-004  0.384022387952744  1.167618661344062E-002  0.544784754864553  0.512193472643113  0.444086016509866
    12302014405.7169  0.578630610805481 -1.634946021370582E-007  1.459935574127907E-002  3.269647077452920E-002  0.123406333547833  3.349524606194147E-004  0.393822035490294  1.208476716364300E-002  0.556339611191881  0.529861126615060  0.445496602369146
    12302086491.9841  0.567005389811621 -1.551134407420812E-007  5.188331185158606E-003  2.705952303967710E-002  0.124900168119926  2.741157923907050E-004  0.395811454244123  1.212085208736028E-002  0.559070924562350  0.533619448609284  0.445659205320435
    12302098779.3982  0.565152066082884 -1.476516520173519E-007  3.654435841537150E-003  2.616198357579343E-002  0.125179993129571  2.648024227156025E-004  0.396118552938852  1.212800809792469E-002  0.559552159470428  0.534435303785736  0.445745094744397
    12302104055.0953  0.564562647745836 -5.645626390000710E-015  3.127292459944352E-003  2.587558951309269E-002  0.125291494918147  2.627304031716219E-004  0.396232321696225  1.213097262259696E-002  0.559764126104599  0.534805880724784  0.445796862403368
    12302108040.6003  0.564562647723336 -5.645626367542249E-015  3.020451389524901E-003  2.578251928590506E-002  0.125383895099452  2.620897776885442E-004  0.396337070311246  1.213443467794858E-002  0.559926370825931  0.535030444049850  0.445794434989228
    12302110410.6411  0.564562647709955 -5.645626371994907E-015  2.957714603567511E-003  2.571312046998373E-002  0.125447304367109  2.620314054416145E-004  0.396403097609940  1.213653288991064E-002  0.560021358767042  0.535055625496087  0.445810600769545
    12302112132.2924  0.564562647700236 -5.645626367700076E-015  2.913585128050231E-003  2.563318547995921E-002  0.125508250182536  2.612136352093338E-004  0.396464700015019  1.213860334336969E-002  0.560087838904787  0.534930294912200  0.445840680593867
    12302113034.3489  0.564562647695143 -5.645626393681992E-015  2.891852730835691E-003  2.554748648087462E-002  0.125561159311039  2.606475995137624E-004  0.396516292245540  1.214088573203822E-002  0.560120926639756  0.534696735871592  0.446034252549501
    12302113361.4339  0.564562647693296 -5.645626549857942E-015  2.885715344772763E-003  2.547707582313254E-002  0.125598787315167  2.588283514449941E-004  0.396553357485902  1.214264597548663E-002  0.560133068695643  0.534567669840767  0.446217792278953
    12302113510.7872  0.564562647692453 -5.645625280451782E-015  2.885712169162796E-003  2.540876238529838E-002  0.125631921938806  2.570081899626745E-004  0.396587394124608  1.214352505020140E-002  0.560139154766453  0.534574169776039  0.446367025844282
    12302113571.8291  0.564562647692108 -5.645625064850385E-015  2.887005798992557E-003  2.535378696420523E-002  0.125657414987668  2.531447791451898E-004  0.396615325145335  1.214439652535114E-002  0.560141216355471  0.534428658086677  0.446462372634899
    12302113590.0236  0.564562647692005 -5.645626621596691E-015  2.887874047460753E-003  2.532227344764304E-002  0.125670989297893  2.487644170193668E-004  0.396631215408779  1.214833193998847E-002  0.560139164642630  0.534313012965466  0.446501253000153
    12302113599.0336  0.564562647691954 -5.645626377138484E-015  2.888640537599505E-003  2.529585218213469E-002  0.125681214663124  2.381962283619367E-004  0.396644326010675  1.215605907114063E-002  0.560136879962710  0.534000188976702  0.446527510076766
    12302113604.2354  0.564562647691925 -5.645626379468512E-015  2.889388452639660E-003  2.526898317771826E-002  0.125690669946884  2.229362503976148E-004  0.396658420579855  1.216461702895645E-002  0.560134037875119  0.533552113413678  0.446550943150270
    12302113605.8928  0.564562647691915 -5.645626384424248E-015  2.889868307008647E-003  2.524466707935573E-002  0.125699510614804  2.136263512033658E-004  0.396670011374585  1.217595019729421E-002  0.560131370416597  0.533311218207929  0.446566033013146
    12302113606.7950  0.564562647691910 -5.645626366381347E-015  2.890302181907084E-003  2.522026033516338E-002  0.124316520679168  1.786400625807836E-003  0.396680966337174  1.199966201117629E-002  0.560128569131728  0.533133474294959  0.446578770178301
