    30000.0000000000  0.715767291966763  2.949511009396081E-034  0.000000000000000  0.660913964326967  5.485332763979630E-002  0.000000000000000  1.679000052585485E-008  8.762851900167632E-010  4.321861319280049E-008  5.174557752341310E-031  3.991177584546085E-009
    191040.000000000  0.715560943999267  2.931900028347460E-034  0.000000000000000  0.660915331267674  5.464561273159300E-002  0.000000000000000  1.680086571758100E-008  8.749688848594001E-010  4.316450424560686E-008  5.174557638092771E-031  3.992775802083691E-009
    653967.052800000  0.715041291419900  2.880328061180856E-034  0.000000000000000  0.660985476352091  5.405581506780988E-002  0.000000000000000  1.679991888625569E-008  8.751649260658834E-010  4.317056286547039E-008  5.174557309649994E-031  3.992492169300770E-009
    1805877.69682330  0.717839299201469  3.289751983411952E-034  0.000000000000000  0.660795351533031  5.704394766843871E-002  0.000000000000000  1.681408186846354E-008  8.743072764812347E-010  4.315080676379930E-008  5.174556492350915E-031  3.996343317507518E-009
    4672199.99055934  0.715405243421836  3.158979108118737E-034  0.000000000000000  0.660493567239322  5.491167618251406E-002  0.000000000000000  1.680860703574660E-008  8.737257474846301E-010  4.314448922158854E-008  5.174554459308329E-031  3.996374070288610E-009
    11804527.0805086  0.713943365450203  2.794496703674234E-034  0.000000000000000  0.664542431698089  4.940093375211404E-002  0.000000000000000  1.683800520693778E-008  8.820417641184358E-010  4.335640344114923E-008  5.174549392195614E-031  3.994323807952431E-009
    29552039.2249712  0.718973947841496  2.109919962769114E-034  0.000000000000000  0.680309826646384  3.866412119511209E-002  0.000000000000000  1.708880887649632E-008  9.099485413876803E-010  4.419553217098182E-008  5.174536695247802E-031  4.008555477153610E-009
    73713528.6442803  0.729385608937847  6.935707778541267E-035  0.000000000000000  0.708283612084529  2.110199685331792E-002  0.000000000000000  1.791225049905324E-008  9.209550717197773E-010  4.420090051861304E-008  5.174504744835837E-031  4.078588153013154E-009
    183601445.996136  0.739691938489086  1.081275108837962E-035  0.000000000000000  0.728851929966553  1.084000852253354E-002  0.000000000000000  1.852999165039589E-008  9.619416477946190E-010  4.589463404758293E-008  5.174424188606764E-031  4.119948604848338E-009
    457037748.501104  0.753806860803996  5.680859434696987E-036  0.000000000000000  0.747733978248913  6.072882555083103E-003  0.000000000000000  2.010479089040019E-008  9.633043884554008E-010  4.678529181715825E-008  5.174220094708804E-031  4.250838662018335E-009
    1137434768.75027  0.787591858981594  1.263100880635821E-035  0.000000000000000  0.783717046974717  3.874812006877261E-003  0.000000000000000  2.418044809924549E-008  9.722236269187864E-010  4.969654060496171E-008  5.173690785779654E-031  4.573756063366428E-009
    2279771422.00745  0.852100293256216  7.786949433541960E-035  0.000000000000000  0.847921109494861  4.179183761354763E-003  0.000000000000000  3.278111039277003E-008  1.020490760179516E-009  5.694878345207810E-008  5.172728133299641E-031  5.269619248128972E-009
    3307164460.72002  0.920040507689010  4.726601928604703E-034  0.000000000000000  0.913678950458715  6.361557230294901E-003  0.000000000000000  4.306876104077605E-008  1.120830441216535E-009  6.751966210830689E-008  5.171773090512344E-031  6.122254679759519E-009
    4235326152.04800  0.991297717831764  2.878029561973064E-033  0.000000000000000  0.980255450430752  1.104226740101326E-002  0.000000000000000  5.586718012315432E-008  1.234584255217778E-009  7.993866307454534E-008  5.170822086871818E-031  7.206531500155599E-009
    5074398533.10656  1.06529150565637  1.791919308494220E-032  0.000000000000000  1.04498323398464  2.030827167173273E-002  0.000000000000000  7.215190801148831E-008  1.321258349833373E-009  9.200534581725641E-008  5.169875761083317E-031  8.582525121705537E-009
    5825634226.30635  1.14040043917716  1.140203862780975E-031  0.000000000000000  1.10224437057677  3.815606860038772E-002  0.000000000000000  9.127625720523501E-008  1.470373747979062E-009  1.090535760341104E-007  5.168945671465400E-031  1.013414406898592E-008
    6494740797.90551  1.21559174446771  7.601569536399817E-031  0.000000000000000  1.14357975761957  7.201198684814133E-002  0.000000000000000  1.136016553495622E-007  1.681520080092368E-009  1.319611518091976E-007  5.168040189726340E-031  1.184994270018322E-008
    7103590378.30215  1.28915503980044  5.975941230746633E-030  0.000000000000000  1.15351501360500  0.135640026195435  0.000000000000000  1.412701723461765E-007  1.869096588767347E-009  1.562122794907314E-007  5.167144209260987E-031  1.384258341312175E-008
    7533560065.45323  1.34306227046793  3.131100955307568E-029  0.000000000000000  1.13580869863524  0.207253571832695  0.000000000000000  1.660818422910487E-007  2.057671268487353E-009  1.802509246275674E-007  5.166466366494065E-031  1.549318412574940E-008
    7622810835.05925  1.35590339538968  4.355994080478984E-029  0.000000000000000  1.13290750070959  0.222995894680089  0.000000000000000  1.724679163931989E-007  2.079794313900703E-009  1.837101113480335E-007  5.166320584704040E-031  1.592147047071358E-008
    7954490933.00133  1.41237234420948  1.021675396559574E-028  0.000000000000000  1.14198216715333  0.270390177056148  0.000000000000000  1.967405122988239E-007  2.370877956265995E-009  2.079167070668035E-007  5.165760194209540E-031  1.755103143436133E-008
    8221296511.04718  1.46495341385490  1.521638425567363E-028  0.000000000000000  1.15539916491798  0.309554248936918  0.000000000000000  2.192300623907481E-007  2.646574811793053E-009  2.258326855272824E-007  5.165283872055669E-031  1.908579895000305E-008
    8541228713.01095  1.52931953719466  2.677235342855316E-028  0.000000000000000  1.15739355660848  0.371925980586175  0.000000000000000  2.493769438479903E-007  3.097977598402257E-009  2.540804383085691E-007  5.164678638391565E-031  2.106506639041945E-008
    8897258387.96117  1.61044534595162  5.419238772851011E-028  0.000000000000000  1.15572845939693  0.454716886554693  0.000000000000000  2.896558295961333E-007  3.831576605831874E-009  2.913038669660438E-007  5.163956572768448E-031  2.367066083782889E-008
    9229804194.25685  1.69797672075411  1.050135927437701E-027  0.000000000000000  1.15465783175828  0.543318888995828  0.000000000000000  3.346921069789068E-007  4.933608253642643E-009  3.322896486683256E-007  5.163228064905935E-031  2.655385111906369E-008
    9522837285.29667  1.78536900807881  1.912105446892742E-027  0.000000000000000  1.14979234302309  0.635576665055720  0.000000000000000  3.816419577296825E-007  6.482830378222308E-009  3.743358807909778E-007  5.162534460551765E-031  2.950664899929311E-008
    9776213505.19798  1.87200266301071  3.345400994918732E-027  0.000000000000000  1.13965792398976  0.732344739020947  0.000000000000000  4.298516204243265E-007  8.620390728039284E-009  4.167493660048161E-007  5.161888744480930E-031  3.247020791584150E-008
    9994171517.85279  1.95415175757481  5.692354499774593E-027  0.000000000000000  1.12264856581962  0.831503191755197  0.000000000000000  4.781282944346612E-007  1.160932912472876E-008  4.626107040440226E-007  5.161293396463019E-031  3.533413445384066E-008
    10179609865.9341  2.02999574325488  9.483448656292019E-027  0.000000000000000  1.09884095958252  0.931154783672359  0.000000000000000  5.271949856738538E-007  1.570046776909829E-008  5.033997054765602E-007  5.160753392026018E-031  3.810631035955612E-008
    10336221861.4076  2.09828763189530  1.555776935126475E-026  0.000000000000000  1.06865317954338  1.02963445235191  0.000000000000000  5.758873739851317E-007  2.138819319544138E-008  5.469542142570971E-007  5.160270134766810E-031  4.069273283129510E-008
    10468414933.4664  2.15856614145543  2.533351980120049E-026  0.000000000000000  1.03248071553977  1.12608542591566  0.000000000000000  6.260255916348214E-007  2.927100226815170E-008  5.845287644612696E-007  5.159840593358247E-031  4.311839339725458E-008
    10579999481.1947  2.21065546736366  4.127607271333612E-026  0.000000000000000  0.990883216889502  1.21977225047416  0.000000000000000  6.776007444843490E-007  4.035956025999933E-008  6.253694398401900E-007  5.159461092319596E-031  4.534995424112802E-008
    10674321371.6898  2.25464474358462  6.791678480029557E-026  0.000000000000000  0.944487199296891  1.31015754428773  0.000000000000000  7.335473546794426E-007  5.600109295273312E-008  6.605313400314341E-007  5.159127238181235E-031  4.742785735745056E-008
    10754269607.5973  2.29077895221927  1.137726673827193E-025  0.000000000000000  0.893978808893395  1.39680014332587  0.000000000000000  7.955693478114450E-007  7.839310854705472E-008  7.000944484570708E-007  5.158834280826503E-031  4.934026204671810E-008
    10822346692.4240  2.31936049832237  1.969581550376893E-025  0.000000000000000  0.840019913765066  1.47934058455730  0.000000000000000  8.683532205078491E-007  1.107885011479065E-007  7.402893981614803E-007  5.158577253446892E-031  5.113839576536085E-008
    10880791010.1544  2.34067530774099  3.580336983827420E-025  0.000000000000000  0.783547586765972  1.55712772097502  0.000000000000000  9.578884173483260E-007  1.579390915018176E-007  7.822204944436871E-007  5.158350866543769E-031  5.287243560833408E-008
    10931654751.4163  2.35482913929218  6.904858768285048E-025  0.000000000000000  0.725282978870219  1.62954616042196  0.000000000000000  1.072265613520632E-006  2.267575221548946E-007  8.269444118308341E-007  5.158149506181911E-031  5.458518250844869E-008
    10976542252.6985  2.36214705688681  1.415698371139849E-024  0.000000000000000  0.666429612984336  1.69571744390247  0.000000000000000  1.222410281207522E-006  3.270413810659096E-007  8.754987406703812E-007  5.157968527092904E-031  5.631733922050949E-008
    11017397979.3687  2.37204427492266  3.093340315986091E-024  0.000000000000000  0.609210528498386  1.76283374642428  0.000000000000000  1.426102208352240E-006  4.736900559723848E-007  9.307629760297276E-007  5.157800837799137E-031  5.823745891267937E-008
    11054826215.2701  2.37736889877600  7.194902080826602E-024  0.000000000000000  0.553743487986059  1.82362541078995  0.000000000000000  1.703940415002862E-006  6.869222634478765E-007  1.000534804437511E-006  5.157644576520572E-031  6.035550495760599E-008
    11089660491.7936  2.38626384092421  1.729969201749946E-023  0.000000000000000  0.501869507698059  1.88439433322615  0.000000000000000  2.084615180200073E-006  9.930818661726507E-007  1.072129662647136E-006  5.157496601037272E-031  6.271978565099238E-008
    11122827638.5312  2.39790766223020  4.258779090592527E-023  0.000000000000000  0.453863691796352  1.94404397043385  0.000000000000000  2.608604116682973E-006  1.431113295232397E-006  1.154525795040877E-006  5.157352758859556E-031  6.542842747740439E-008
    11154907008.4092  2.42130230666814  1.038736001138362E-022  0.000000000000000  0.410952689881329  2.01034961678681  0.000000000000000  3.324874282078466E-006  2.049049033449902E-006  1.248827445647596E-006  5.157210130628043E-031  6.852507773197145E-008
    11186360646.1933  2.45488953226409  2.473861782634264E-022  0.000000000000000  0.372975562048110  2.08191397021598  0.000000000000000  4.295426343730390E-006  2.908805052908004E-006  1.364407939720513E-006  5.157065890961717E-031  7.200843979078563E-008
    11217840487.9738  2.50550235760697  5.658307333020072E-022  0.000000000000000  0.340094960630185  2.16540739697679  0.000000000000000  5.604379600210265E-006  4.092921503987630E-006  1.484464153923083E-006  5.156915678926049E-031  7.580060891214234E-008
    11249920065.7774  2.57972981366645  1.231661428586237E-021  0.000000000000000  0.312218779648610  2.26751103401784  0.000000000000000  7.358288963761193E-006  5.707654547482576E-006  1.618783955678966E-006  5.156754665463066E-031  7.991270967490361E-008
    11282910960.9751  2.68369782651657  2.533105781391412E-021  0.000000000000000  0.289002630758770  2.39469519575780  0.000000000000000  9.677312904608023E-006  7.873555604758694E-006  1.767148424254871E-006  5.156578246495587E-031  8.426960292609644E-008
    11316948903.7746  2.82370189974656  4.902608200428442E-021  0.000000000000000  0.270004504703507  2.55369739504305  0.000000000000000  1.269258967820818E-005  1.072212711463816E-005  1.929315757092326E-006  5.156381501801294E-031  8.884302211342945E-008
    11351864077.5368  3.00320303997827  8.956956058316912E-021  0.000000000000000  0.254695418571752  2.74850762140652  0.000000000000000  1.652909463909883E-005  1.437835794752184E-005  2.105278537583925E-006  5.156160124763849E-031  9.369664588248121E-008
    11387666225.9126  3.23151976384348  1.568412164679981E-020  0.000000000000000  0.242114868642351  2.98940489520112  0.000000000000000  2.135419278810427E-005  1.900710049536463E-005  2.297410533974580E-006  5.155907325594099E-031  9.901774942130670E-008
    11424315624.4243  3.51823143238118  2.689874498698253E-020  0.000000000000000  0.231604280966991  3.28662715141419  0.000000000000000  2.740273249621780E-005  2.483708406815964E-005  2.511543661567318E-006  5.155614703912467E-031  1.051761744308783E-007
    11451055819.9145  3.77923271788394  3.917279885722681E-020  0.000000000000000  0.224576327129698  3.55465639075424  0.000000000000000  3.261255458082140E-005  2.987429790412582E-005  2.680550161265052E-006  5.155374930534129E-031  1.103479033862628E-007
    11455972006.0775  3.82948007741325  4.192201079087755E-020  0.000000000000000  0.223500515252751  3.60597956216050  0.000000000000000  3.365375508426749E-005  3.088162860369212E-005  2.713629001803632E-006  5.155328290141349E-031  1.114213622274827E-007
    11460960773.0253  3.87392146673513  4.531077427343558E-020  0.000000000000000  0.222886608907985  3.65103485782715  0.000000000000000  3.479395689236999E-005  3.198453604542003E-005  2.750346243567996E-006  5.155280194087486E-031  1.125647526805490E-007
    11473374421.5970  4.01118185974659  5.446011209691457E-020  0.000000000000000  0.220149199120182  3.79103266062641  0.000000000000000  3.770174036931670E-005  3.480169790166881E-005  2.839261199242281E-006  5.155156043917176E-031  1.153749380634832E-007
    11497891531.0372  4.30569504482389  7.843668874924821E-020  0.000000000000000  0.213751134359861  4.09194391046403  0.000000000000000  4.408210295668688E-005  4.098981892642543E-005  3.027324230076172E-006  5.154889173121104E-031  1.216046174670688E-007
    11509514715.9464  4.45501995596006  9.376008153595231E-020  0.000000000000000  0.211691621939242  4.24332833402082  0.000000000000000  4.748042284867250E-005  4.428722316241000E-005  3.125993321447550E-006  5.154753009765134E-031  1.250360841449798E-007
    11533467203.1889  4.81122222119535  1.377141712023727E-019  0.000000000000000  0.206685227809009  4.60453699338634  0.000000000000000  5.537761436074784E-005  5.195792395702531E-005  3.347614530392704E-006  5.154446247184420E-031  1.329037554709253E-007
    11559807922.5158  5.27372372041654  2.141967072679504E-019  0.000000000000000  0.200289965215757  5.07343375520079  5.326819470931522E-027  6.564399813420697E-005  6.193769541634551E-005  3.612317830145127E-006  5.154062574675965E-031  1.432030772548128E-007
    11568124632.2659  5.43797676359345  2.478847104775122E-019  0.000000000000000  0.198664659800173  5.23931210379328  1.149953426976613E-026  6.931545588732500E-005  6.550849349016110E-005  3.710004961084793E-006  5.153931287733565E-031  1.469978518814521E-007
    11573368808.5009  5.52456378159501  2.734511846692782E-019  0.000000000000000  0.197678461335182  5.32688532025983  1.619036548517635E-026  7.180566082346027E-005  6.793125804603061E-005  3.775494655896991E-006  5.153845740737653E-031  1.494523727652970E-007
    11585325423.2016  5.78475831951094  3.420761577363683E-019  0.000000000000000  0.195205690158458  5.58955262935249  2.963800408336976E-026  7.779369044702766E-005  7.376038387903720E-005  3.929953591128533E-006  5.153640575190424E-031  1.554379299150028E-007
    11600181745.7023  6.14256871028957  4.548261689489968E-019  0.000000000000000  0.191561780378630  5.95100692991094  5.412908561611609E-026  8.600523765198083E-005  8.175583665307363E-005  4.139413033225829E-006  5.153363538337078E-031  1.639285197155098E-007
    11613046409.2184  6.45460608812311  5.932186058674354E-019  0.000000000000000  0.188611266018251  6.26599482210486  8.596400389464312E-026  9.410395823104869E-005  8.964590542958740E-005  4.341795155889641E-006  5.153103681253524E-031  1.720163340151054E-007
    11641053117.5416  7.33264856403845  1.099989502700624E-018  0.000000000000000  0.181602214007329  7.15104635003112  2.352970755622823E-025  1.152303603023589E-004  1.102365615348606E-004  4.846083747023983E-006  5.152448750966642E-031  1.936563091810259E-007
    11650340634.9956  7.62776335190119  1.370650411228471E-018  0.000000000000000  0.179045837590502  7.44871751431069  3.360599501791339E-025  1.235757886700609E-004  1.183749837083835E-004  5.045438573552742E-006  5.152204826110682E-031  2.021348512669808E-007
    11666927992.5682  8.30054857535132  2.078663273605224E-018  0.000000000000000  0.174760159968356  8.12578841538296  6.631637129778030E-025  1.406418342497153E-004  1.350282391779481E-004  5.443815423053207E-006  5.151723717162393E-031  2.192649659124015E-007
    11694937013.5717  9.73548630898733  4.555973290290081E-018  0.000000000000000  0.166542928649426  9.56894338033791  2.404567282286916E-024  1.777993695723184E-004  1.713011800892988E-004  6.295674144808147E-006  5.150733814540005E-031  2.574246633619235E-007
    11713723445.2217  10.9718138200911  8.291760661378019E-018  0.000000000000000  0.160421214998436  10.8113926050926  6.484549666322437E-024  2.110746905534726E-004  2.038043534831833E-004  7.023408322955705E-006  5.149911830126120E-031  2.908830544288065E-007
    11722102061.6098  11.5218854133391  1.109419806393816E-017  0.000000000000000  0.157986731039098  11.3638986823000  1.057487485451482E-023  2.290320271264353E-004  2.213584421154600E-004  7.411177193697311E-006  5.149499976842644E-031  3.077835184899927E-007
    11740363705.4568  13.1722502647567  2.185689404805079E-017  0.000000000000000  0.151577016486652  13.0206732482700  3.334433683052338E-023  2.763426941611464E-004  2.676266099176406E-004  8.412842821598275E-006  5.148452349802700E-031  3.528673544442693E-007
    11761591057.9886  15.6868563428894  5.417126494409671E-017  0.000000000000000  0.143471935405618  15.5433844074838  1.561369339641011E-022  3.526411249572324E-004  3.422881755359854E-004  9.971052749700076E-006  5.146894747915354E-031  4.227510636164601E-007
    11780639550.2089  18.6891140993016  1.399961831317543E-016  0.000000000000000  0.135504645835617  18.5536094534660  7.934318952966969E-022  4.523869167025632E-004  4.399777087424486E-004  1.194677739436865E-005  5.145054733343510E-031  5.079667712394989E-007
    11798144716.0200  22.0700250672318  3.857829490784226E-016  0.000000000000000  0.127447486758069  21.9425775804738  4.534548413396415E-021  5.871196255996482E-004  5.720838333462962E-004  1.446454006566326E-005  5.142839228431881E-031  6.075000626501513E-007
    11815651624.7629  25.3882528242414  1.183457102777783E-015  0.000000000000000  0.117285138885178  25.2709676853563  3.151700393106356E-020  7.839666930945775E-004  7.655254860841013E-004  1.777002737514246E-005  5.140025036887899E-031  7.082718598164866E-007
    11832272046.4609  29.2663951346341  3.268267147581500E-015  0.000000000000000  0.101995691083657  29.1643994435504  1.814454573448275E-019  1.032846780669964E-003  1.010922728311514E-003  2.119400761335823E-005  5.136729402146540E-031  7.669793913715061E-007
    11845530533.4438  34.7941287003107  6.724658527650136E-015  0.000000000000000  8.963490188503219E-002  34.7044937984257  6.198003075921728E-019  1.275554132999735E-003  1.250626150152081E-003  2.414075556870460E-005  5.133339757646121E-031  8.151832903794467E-007
    11856307502.7430  42.1644215219374  1.243801153674654E-014  0.000000000000000  8.130320169627566E-002  42.0831183202411  1.717111003417884E-018  1.530732240920577E-003  1.502485016875198E-003  2.738172658208458E-005  5.129623132939146E-031  8.965849399188830E-007
    11865447723.0953  51.3539952258826  2.397431268243922E-014  0.000000000000000  7.503331515035702E-002  51.2789619107323  5.052348481817281E-018  1.839250576508860E-003  1.806662002597797E-003  3.159502149918522E-005  5.125294932068350E-031  1.017971770629119E-006
    11873385034.8935  62.7300365751453  5.117669198563780E-014  0.000000000000000  6.958520717276047E-002  62.6604513679726  1.765789146583695E-017  2.241496027634557E-003  2.202999548751537E-003  3.734062204359349E-005  5.120100399103267E-031  1.183347158486470E-006
    11880251100.2673  76.8360210468606  1.204004543556453E-013  0.000000000000000  6.450955603515300E-002  76.7715114908255  7.197374415696287E-017  2.774426934843348E-003  2.727960779803686E-003  4.508974227452804E-005  5.113853401917129E-031  1.397463003729870E-006
    11886145082.2115  94.3649083178502  3.091434875635586E-013  0.000000000000000  5.973616424654447E-002  94.3051721536036  3.387967995015188E-016  3.481081796853584E-003  3.423954836460818E-003  5.546941737036351E-005  5.106358602953695E-031  1.681178421973224E-006
    11891162184.9442  116.119132436369  8.483076091697329E-013  0.000000000000000  5.526211942057156E-002  116.063870316948  1.752851260369709E-015  4.416604901556098E-003  4.345257730331726E-003  6.929201018974065E-005  5.097390044769732E-031  2.072560840119078E-006
    11895435122.5399  142.992914968960  2.466694563645672E-012  0.000000000000000  5.105934296335568E-002  142.941855625997  9.779829674809278E-015  5.663181599414031E-003  5.572731025123286E-003  8.781781035224533E-005  5.086619278560007E-031  2.652133693240323E-006
    11899065853.4227  176.061381249877  7.540683379404800E-012  0.000000000000000  4.712503128056106E-002  176.014256218596  5.808858797562276E-014  7.328898266772886E-003  7.212648387936706E-003  1.127107360100070E-004  5.073687542112229E-031  3.560738115019912E-006
    11902144647.6721  217.027477068470  2.404094158399373E-011  0.000000000000000  4.343397242184385E-002  216.984043096048  3.594463366306995E-013  9.560680377273918E-003  9.409353466393977E-003  1.463205406370080E-004  5.058152042581069E-031  5.045519994772317E-006
    11904761256.3358  267.350126988103  7.997143684578321E-011  0.000000000000000  3.997059095717152E-002  267.310156397146  2.284232787389876E-012  1.257318994858524E-002  1.237365423480194E-002  1.920819959165661E-004  5.039416753050951E-031  7.498303030928254E-006
    11906990346.2826  329.032374048068  2.781876413147569E-010  0.000000000000000  3.671528770283875E-002  328.995658760365  1.479671440387216E-011  1.666735469760043E-002  1.640094048195742E-002  2.549366334750545E-004  5.016760981713769E-031  1.152809846010383E-005
    11908889812.0633  404.842584900846  1.016275809477705E-009  0.000000000000000  3.366517838936692E-002  404.808919722456  9.730906134380486E-011  2.225698889039012E-002  2.189719080632257E-002  3.418544699789919E-004  4.989331319513219E-031  1.800014977126958E-005
    11910511415.5177  497.236261519798  3.944208638351461E-009  0.000000000000000  3.082322430830801E-002  497.205438295489  6.456392540148840E-010  2.993573083038318E-002  2.944465175663068E-002  4.630433952453916E-004  4.956042185633968E-031  2.809747311619657E-005
    11911900804.7230  609.253713200085  1.652360275914691E-008  0.000000000000000  2.818333851173883E-002  609.225529861573  4.310805780698828E-009  4.055703203574360E-002  3.988024914367488E-002  6.334595143959462E-004  4.915540380242025E-031  4.338825428790954E-005
    11913095056.6403  745.202177461773  7.550462472577768E-008  0.000000000000000  2.573301838010447E-002  745.176444443393  2.882903461036303E-008  5.534494090713907E-002  5.440392091161896E-002  8.750732347581003E-004  4.866135972674511E-031  6.601022723727784E-005
    11914124709.6694  908.892466399030  3.785491391539872E-007  0.000000000000000  2.346200281745912E-002  908.869004396213  1.926018900613774E-007  7.607005393636316E-002  7.475054494824082E-002  1.220427126378890E-003  4.805720985040000E-031  9.916421873848135E-005
    11915011608.1885  1103.40475631231  2.052598265460966E-006  0.000000000000000  2.136690797312454E-002  1103.38338940434  1.273247685304668E-006  0.105112913143025  0.103250655541413  1.714441836775739E-003  4.732144485559585E-031  1.479305052326922E-004
    11915771131.0122  1331.12810932872  1.178302777947328E-005  0.000000000000000  1.946166555616544E-002  1331.10864766316  8.337398320481759E-006  0.145426700073648  0.142791315113167  2.414865383224828E-003  4.643514563282686E-031  2.206791538795931E-004
    11916418520.9877  1590.37156757675  7.274327316417370E-005  0.000000000000000  1.775107636582963E-002  1590.35381650039  5.669401856658346E-005  0.200574309636522  0.196849947580590  3.393611976039718E-003  4.538125315791141E-031  3.309701082784574E-004
    11916967642.9461  1877.67744840262  5.200288645429680E-004  0.000000000000000  1.623910707903205E-002  1877.66120929554  4.434494801528845E-004  0.274381798809403  0.269152915740997  4.730835970693060E-003  4.414888254941693E-031  4.983457442162525E-004
    11917429535.0881  2185.76775553217  4.435159647706888E-003  0.000000000000000  1.492190979880705E-002  2185.75283362237  4.080685553850137E-003  0.370062997318451  0.362817808725373  6.498829931177062E-003  4.273903818216924E-031  7.467539314159375E-004
    11917815050.3883  2503.10785647291  3.919885684542084E-002  0.000000000000000  1.379486260284381E-002  2503.09406161031  3.768691713984006E-002  0.489581848686877  0.479731433491808  8.749275376218129E-003  4.116527821144683E-031  1.101643164294104E-003
    11918134427.4881  2816.28824275353  0.317838651336324  0.000000000000000  1.284855431945406E-002  2816.27539419921  0.311875894268041  0.634403856326567  0.621269816191890  1.154253823441634E-002  3.945323220408712E-031  1.591854415624150E-003
    11918246048.5179  2936.89376488074  0.754443550666167  0.000000000000000  1.252739837748193E-002  2936.88123748237  0.743967201736905  0.701097483042714  0.686383222776354  1.287431380201206E-002  3.873803133733628E-031  1.840323056853493E-003
    12158478131.1037  71.7667146309805  13.1783975938808  3.710844048249715E-034  0.227997894085036  71.5387167368955  12.7014992043377  2.611415942558632E-002  2.465545617978988E-003  1.109810824782486E-002  3.858920292221641E-031  1.255051543266162E-002
    12158836626.1339  69.6531716299063  13.2723657072723  5.409918196370744E-034  0.241589596741952  69.4115820331644  12.7606292536436  2.629256395386716E-002  2.451708894907481E-003  1.121586660691481E-002  3.858364779481224E-031  1.262499821741084E-002
    12160557402.2787  62.0057412859606  13.7581612636952  1.809122448477129E-033  0.300698745306329  61.7050425406542  13.0848228191039  2.721290271407349E-002  2.397939701607604E-003  1.175810364140257E-002  3.855941789986451E-031  1.305686916575110E-002
    12161633629.0120  58.8881373853855  14.0310691776519  3.195760526178179E-033  0.329256331302321  58.5588810540832  13.2525111586883  2.777226744020590E-002  2.371489268036092E-003  1.209961465602378E-002  3.854560920054589E-031  1.330117333307297E-002
    12162936134.5367  56.1611809529151  14.3349216807579  5.150931638190264E-033  0.357015133977741  55.8041658189374  13.4465301645870  2.837166869057720E-002  2.341509481251967E-003  1.247549365581751E-002  3.852984938029833E-031  1.355467538974491E-002
    12164512698.0967  53.6190955115543  14.6827731215808  8.777023294728892E-033  0.384394057943145  53.2347014536112  13.6493847882818  2.914128588282999E-002  2.310044752569706E-003  1.295455718717294E-002  3.851176980733685E-031  1.387669380513468E-002
    12166468610.3004  51.2640504044496  15.0966385663758  1.485425884401052E-032  0.410723265890537  50.8533271385591  13.8900444190240  3.008019733176182E-002  2.273887480171860E-003  1.353953919846555E-002  3.849040409094541E-031  1.426678052730358E-002
    12168817775.2841  49.1374015573799  15.5612296044615  2.441044119139439E-032  0.434642181064024  48.7027593763159  14.1588674960405  3.114419438365012E-002  2.234317447351934E-003  1.421629366620785E-002  3.846584513961345E-031  1.469359315219323E-002
    12171500838.2358  47.2728907838940  16.0758102887443  4.000876123936786E-032  0.455373351406274  46.8175174324877  14.4433718787773  3.240509950024658E-002  2.193263862236545E-003  1.500695431976634E-002  3.843881669188713E-031  1.520489120931244E-002
    12174498778.1148  45.5923491487213  16.6420322650026  6.488931987302131E-032  0.472708364772189  45.1196407839491  14.7521025405075  3.382247224267664E-002  2.151337606092661E-003  1.591468724362716E-002  3.840952269530579E-031  1.575645728400950E-002
    12177782612.8070  44.0589589974232  17.2564773419551  1.035938243657355E-031  0.486854182643708  43.5721048147795  15.0890702071328  3.544095572789983E-002  2.109261576373032E-003  1.693509775270068E-002  3.837823408064831E-031  1.639660628079592E-002
    12181308431.5792  42.6332595978592  17.9168237112280  1.626722390425038E-031  0.498239933249861  42.1350196646094  15.4501353646599  3.720546263473454E-002  2.068119920001813E-003  1.806516938975843E-002  3.834533448816583E-031  1.707218319089249E-002
    12185007951.1638  41.3060734141299  18.6164313602430  2.514585115311708E-031  0.507351923687868  40.7987214904421  15.8297693090594  3.916044205043597E-002  2.028783507252546E-003  1.930154158443910E-002  3.831140696175764E-031  1.783012680672898E-002
    12188809537.4983  40.0522214824401  19.3489382360987  3.829958930615728E-031  0.514579650347931  39.5376418320922  16.2230829094098  4.124443471943842E-002  1.992143254921970E-003  2.064107027402057E-002  3.827703194336295E-031  1.861123102058971E-002
    12192719715.4602  38.8073765447218  20.1231077178347  5.805399142477441E-031  0.520319717334026  38.2870568273877  16.6285281455932  4.355052084804013E-002  1.958277268262095E-003  2.210754548396001E-002  3.824210403195049E-031  1.948470535641353E-002
    12196719696.4566  37.5571043643753  20.9379990795806  8.762244500519138E-031  0.524755135420458  37.0323492289548  17.0423385373880  4.602931307783631E-002  1.927523928248764E-003  2.370800591083372E-002  3.820676474327235E-031  2.039379048581005E-002
    12200773160.4338  36.2852932608353  21.7915697052639  1.320195027360721E-030  0.528033930768752  35.7572593300665  17.4581021468703  4.872938683530082E-002  1.900156287714297E-003  2.545496717573146E-002  3.817131793112670E-031  2.137427060388366E-002
    12204837666.6845  35.0063769488635  22.6797818778702  1.984933405687801E-030  0.530334166222350  34.4760427826412  17.8698120373092  5.168673009419686E-002  1.876422051157869E-003  2.735414879195476E-002  3.813610918925421E-031  2.245616646959878E-002
    12208909011.4362  33.7249603645762  23.6028149279951  2.974738113716812E-030  0.531549809045985  33.1934105555302  18.2769764788431  5.484373873202387E-002  1.856375036477611E-003  2.940595392508961E-002  3.810113926215770E-031  2.358141697695149E-002
    12212992335.2832  32.4033609750076  24.5645251930034  4.471636084719544E-030  0.531706636562614  31.8716543384450  18.6738788896088  5.831726275179571E-002  1.840145827190314E-003  3.164640738284866E-002  3.806635413945737E-031  2.483071673579924E-002
    12217100028.5248  31.0313601900241  25.5740341855360  6.768039791746274E-030  0.530800011838697  30.5005601781854  19.0611642928015  6.209984096214121E-002  1.827827278458165E-003  3.411375375052326E-002  3.803163281097532E-031  2.615826711376977E-002
    12221228872.3230  29.6221071200502  26.6278052942187  1.029897861640065E-029  0.528661529861553  29.0934455901887  19.4341325701622  6.623936062641807E-002  1.819816110226671E-003  3.681526905658238E-002  3.800027055745475E-031  2.760428262722791E-002
    12225361282.8682  28.1555291069402  27.7343939544121  1.587829420320210E-029  0.525386048550880  27.6301430583894  19.7863000986363  7.087433271100981E-002  1.817010105216206E-003  3.982016087114965E-002  3.799949484416761E-031  2.923716888989108E-002
    12229487148.5544  26.7116538089575  28.8752357964099  2.457765885684990E-029  0.520818419895148  26.1908353890623  20.1083756748453  7.590255162375299E-002  1.819309331530399E-003  4.310105500878731E-002  3.808276585994442E-031  3.098219443131139E-002
    12233636743.7484  25.2562816912707  30.0602858798469  3.853820378898314E-029  0.514864457829703  24.7414172334410  20.3939194366903  8.151822809179926E-002  1.827180614270616E-003  4.675823677659652E-002  3.837003325886635E-031  3.293281784073374E-002
    12237840387.7048  23.7773291010485  31.3090073517251  6.165458669683225E-029  0.507351540222037  23.2699775608265  20.6423443129253  8.789125225426375E-002  1.842820260618570E-003  5.087860932670496E-002  3.915342086762660E-031  3.516982980190902E-002
    12242064637.1841  22.2556289128373  32.6288143573676  1.018097290376049E-028  0.498344684513305  21.7572842283240  20.8316011994780  9.519184842513498E-002  1.868569590178980E-003  5.561734467790885E-002  4.122006925727193E-031  3.770594129196533E-002
    12246338124.5876  20.7240940121261  34.0243942909064  1.738112694261058E-028  0.487452381518365  20.2366416306078  20.9496621291563  0.103636107630732  1.906523319410723E-003  6.108191650706416E-002  4.674036326028033E-031  4.064767494591969E-002
    12250673459.3730  19.1825583758454  35.5140577181558  3.113694947110582E-028  0.474670553948716  18.7078878218967  20.9678655252252  0.113709833802448  1.961307481249104E-003  6.754895720274605E-002  6.262919193670723E-031  4.419957627564129E-002
    12254949719.0865  17.7087498671332  37.0579616901718  5.820919675199322E-028  0.460396304354262  17.2483535627789  20.8384494151852  0.125514821627948  2.037568148479659E-003  7.512010409445590E-002  1.109753006543119E-030  4.835715657107577E-002
    12259080454.6319  16.3878553455556  38.6158412740413  1.120304438793835E-027  0.445246392005180  15.9426089535504  20.5524261743561  0.139153411995644  2.137898548620046E-003  8.381045680496186E-002  2.633358781350962E-030  5.320506387049337E-002
    12262918037.3537  15.2743098428356  40.1323053385496  2.206925315995560E-027  0.430376503473701  14.8439333393619  20.0769405875144  0.154722587729020  2.266337583674045E-003  9.366056741035802E-002  7.571801411699024E-030  5.879569002247403E-002
    12265462932.8413  14.6265619930363  41.1756614960975  3.622094470728794E-027  0.420372492366240  14.2061895006700  19.6169561630716  0.167147105840849  2.377556252547123E-003  0.101445186315746  1.712764256613850E-029  6.332437061550909E-002
    12266601585.3860  14.3892426337590  41.6453261250223  4.572178146301276E-027  0.415803597234615  13.9734390365244  19.3640855448026  0.173276751168794  2.434603377588739E-003  0.105296683207895  2.532261107119778E-029  6.554547195264200E-002
    12269128833.9691  14.0390454779178  42.6102110522169  7.371123310664179E-027  0.405620815142915  13.6334246627749  18.8392601156229  0.187096174785982  2.558015913219919E-003  0.113867063073343  5.794618235460635E-029  7.067110321356910E-002
    12272281889.8996  13.7864210087189  43.7991802481377  1.349998772447564E-026  0.393646820359923  13.3927741883590  18.1328565896235  0.206389579863878  2.738637020330307E-003  0.125780921015703  1.682397116647212E-028  7.787002930410831E-002
    12275180263.1124  13.7596236990039  44.9184125407696  2.521743305354653E-026  0.383712520458111  13.3759111785458  17.2772313177125  0.228202111098715  2.958645077468157E-003  0.139139286923467  5.034274401076515E-028  8.610418665463385E-002
    12277690439.0786  13.9721414395976  45.9088735591226  4.657122191850164E-026  0.376071982476632  13.5960694571210  16.3140873999115  0.251693370209168  3.212249173874630E-003  0.153376590305730  1.466503848646947E-027  9.510453838188177E-002
    12281064024.2234  14.7958188741146  47.2710127697071  1.217762190700900E-025  0.367537492146267  14.4282813819683  14.6120485273981  0.293180475866157  3.698650114522636E-003  0.178277731843153  7.767881510215998E-027  0.111204099675881
    12286724397.2849  18.9602479638531  49.5332690680830  1.077675162921964E-024  0.358991769469476  18.6012561943837  10.3035966330003  0.413124431322212  5.328048993722875E-003  0.248668717977189  3.203464057164771E-025  0.159127670472255
    12290199980.4595  26.1681280818179  50.6766041422788  8.673637950070097E-024  0.355431546002625  25.8126965358152  6.20504725784747  0.570028855792557  7.882877182160830E-003  0.338120769891268  9.861245268589443E-024  0.224025215269436
    12292221287.2442  36.4277890887643  50.7026149588520  6.563623136507077E-023  0.348568120144775  36.0792209686196  3.00191696123981  0.770450876759880  1.177984383758314E-002  0.449306631429510  2.254217134485534E-022  0.309364408524115
    12293178408.7632  50.7318171958418  48.1047537534726  5.665828065770774E-022  0.331351327551821  50.4004658682899  0.915621607224725  1.03752037933383  1.822189919644486E-002  0.593673683222086  4.568070737235661E-021  0.425624802367986
    12293516089.7295  67.3421495875315  41.3859019565320  4.226781347797561E-021  0.304190395218420  67.0379591923132  0.182980897579781  1.34533498315479  2.774763946073643E-002  0.756491484532556  5.786322632366188E-020  0.561095865039781
    12293663742.8793  84.9852580339852  28.6517633050558  2.483558404695434E-020  0.275517414454038  84.7097406195311  1.998595426328276E-002  1.67780703206228  4.146689789844685E-002  0.930129921810492  4.488188910830056E-019  0.706210218733795
    12293739588.4913  104.131117055699  11.1482867491087  9.225593304909591E-020  0.243712480237686  103.887404575461  1.583882296636487E-003  1.98339277761746  6.024439496856990E-002  1.09043536529793  1.648740461744476E-018  0.832713024389524
    12293785805.8149  124.308420498068  3.77051337016110  1.259708754302479E-019  0.209416328738709  124.099004169329  4.902846892186169E-003  2.19834467169112  8.134618750602767E-002  1.20663184387432  1.371506847489960E-018  0.910366645732791
    12293826703.3030  143.463322759850  4.21347802394799  1.882868280587900E-019  0.183568914893203  143.279753844957  1.690226783023294E-002  2.44442059663160  0.106778566323161  1.33603908548381  1.359632143034915E-018  1.00160295079584
    12293871378.2246  167.342627147133  6.17316511089385  3.927968248062037E-019  0.165942284344547  167.176684862789  6.359196682621185E-002  2.78502322654352  0.142899816893775  1.51063651878976  2.216546407103298E-018  1.13148689731655
    12293918427.4151  198.120853093841  9.95440781282610  9.075285702247960E-019  0.149767539682183  197.971085554158  0.237031086061671  3.18999261910148  0.190410457047253  1.71461260318293  4.286356801593810E-018  1.28496956573682
    12293969593.8854  233.599553573008  17.0101253060010  1.985825785942445E-018  0.136581708189223  233.462971864818  0.870727839830120  3.62593065265941  0.250531171482061  1.93107048388892  7.780162683059994E-018  1.44432900451636
    12294033925.8592  269.050317361995  31.7441978871558  3.411762017086956E-018  0.130267975956032  268.920049386039  3.47799053675187  4.02198879458150  0.325607374584382  2.12536463143663  9.748878712122204E-018  1.57101679624018
    12294135146.8166  270.427311564152  61.5229754198964  2.011713529110362E-018  0.144390787910109  270.282920776242  13.9089520209156  3.96354029205149  0.389201018993191  2.09387164600499  2.576462453251980E-018  1.48046763578122
    12294214317.0748  234.003705660345  74.8987131584106  6.869034963921385E-019  0.167732499827856  233.835973160517  21.2620017456513  3.59984227824443  0.396134846813780  1.90942611001947  4.057757260211923E-019  1.29428132774091
    12294299832.3143  197.900765726012  80.6172070951052  2.574079505290136E-019  0.183464332141354  197.717301393871  25.4634204868567  3.32160446399064  0.403954586033889  1.76391424328024  7.193571988645435E-020  1.15373564177506
    12294417266.9346  166.752764457297  90.0011898302949  9.156369242183111E-020  0.193549288947371  166.559215168350  31.6407892212152  3.10365537371778  0.420336065363231  1.64452901563930  1.070640512284663E-020  1.03879029785114
    12294575861.8496  139.349702693277  100.166921253643  3.062336321110611E-020  0.198849038609161  139.150853654668  38.8044901910134  2.93245121229354  0.443727281405558  1.54475662033792  1.322246996850325E-021  0.943967316279939
    12294794904.8079  115.114982394019  112.012302499732  1.057841670768432E-020  0.198161723747813  114.916820670271  47.9049625785675  2.83086261965783  0.482307972107260  1.47473613536792  1.540225721262791E-022  0.873818518538200
    12295097685.4727  92.1689607415475  127.227471147642  4.179011290386418E-021  0.189524327427764  91.9794364141197  60.7415980010943  2.80376493453454  0.545287128377822  1.43394411967788  1.992590093821219E-023  0.824533691067409
    12295514257.1535  68.9981767388626  148.502416141233  1.954616123346328E-021  0.166723966649855  68.8314527722128  78.9684013446127  2.85091578051760  0.644962591374171  1.41686047527271  3.166583807204126E-024  0.789092718890854
    12296037033.5229  47.3564814792972  176.360962672116  1.036733189854413E-021  0.132077600101237  47.2244038791959  101.383626240369  2.97255568547728  0.783980139833484  1.42118482625015  6.987926124835285E-025  0.767390724780825
    12296582513.2731  31.7908332506033  206.677015931401  6.679719277104534E-022  9.791905250636972E-002  31.6929141980969  123.405686492719  3.16845917696039  0.951454258433161  1.45166138129431  3.134370377467526E-025  0.765343542855369
    12297106994.4025  22.2630966618982  237.225875285205  5.364286383435773E-022  7.227351513832085E-002  22.1908231467599  143.669149195525  3.43897566931119  1.14641910319577  1.50943201703634  2.933131125333061E-025  0.783124554822257
    12297606074.2068  16.6674059981938  269.674312110629  5.397300659047689E-022  5.452207118506188E-002  16.6128839270088  163.576022197286  3.79136547695551  1.38016220048146  1.59334592135486  4.389745914464798E-025  0.817857360900654
    12298073800.3614  13.4957382058423  304.595153641157  6.755059986675414E-022  4.271749867850883E-002  13.4530207071638  184.403984655384  4.23644040361648  1.66622957935524  1.70275240085196  8.457608031612844E-025  0.867458429163043
    12298509488.3337  11.8838504143908  346.102225984386  1.010233950795875E-021  3.486482652132467E-002  11.8489855878695  208.144382692299  4.78580427178929  2.02167712741277  1.83540259832249  1.812556837243611E-024  0.928724555300370
    12298905843.4568  12.4454817781307  385.279846145113  1.727237878095650E-021  3.006384297471236E-002  12.4154179351560  234.108519931064  5.45341905326468  2.46106282264874  1.99135546542552  4.149755510677677E-024  1.00100077433741
    12299581369.0664  27.9716601925665  471.280308330122  6.648192101812520E-021  2.841561151122286E-002  27.9432445810553  287.020490839928  7.22718151605278  3.66767824125733  2.37865035154313  2.619969905594342E-023  1.18085293202956
    12300551694.6337  265.254808594159  589.138657085770  1.018395244372067E-019  4.604628629346714E-002  265.208762307865  363.566328499925  12.1990972154858  7.48091387474804  3.20651479592199  5.425972101552189E-022  1.51166855470744
    12301161079.4767  1010.28500355997  565.709531858858  3.417940541611007E-019  4.401757116623763E-002  1010.24098598881  353.010031149792  16.0214773769208  11.0851535075410  3.43647178792195  1.176209863445854E-021  1.49985211574667
    12301656084.9749  1939.64262674058  587.542673235833  4.080886456483573E-019  3.058088115992076E-002  1939.61204585942  376.712723292876  17.6037045222157  13.1068182790273  3.18140776051390  7.976575070302128E-022  1.31547855602719
    12302014405.7169  2656.08020449944  649.041607149256  5.026574376413657E-019  2.347948037692283E-002  2656.05672501906  426.465260346801  18.2766220491430  14.0670286061596  2.98668228904182  8.767897788777139E-022  1.22291118063442
    12302086491.9841  2856.62407318238  642.800593369916  5.702340140269849E-019  2.200727225624587E-002  2856.60206591012  429.258226706164  18.5081178018474  14.3333742353108  2.96599690074825  9.345651778831996E-022  1.20874667902641
    12302098779.3982  2947.27082248124  612.790090333711  6.121264807060454E-019  2.156444293955560E-002  2947.24925803831  411.300630978916  18.6238878408363  14.4434643574510  2.97312129304475  9.723961271616568E-022  1.20730219654634
    12302104055.0953  3008.01543722302  607.428470695964  6.381916460693614E-019  2.125295527783664E-002  3007.99418426774  409.326343774907  18.6907089543750  14.5047593876686  2.97872310560186  1.000151748838942E-021  1.20722646693694
    12302108040.6003  3000.90407742450  640.486906552801  6.380551611497943E-019  2.129832392381676E-002  3000.88277910057  439.146920020204  18.6904857433620  14.5147191966482  2.97276704445254  9.647545478892763E-022  1.20299950802176
    12302110410.6411  2938.96834727954  710.848778955841  6.201935212633051E-019  2.172222687082931E-002  2938.94662505267  500.097741635511  18.6438302074668  14.4872589150344  2.95996933795977  8.922646900488093E-022  1.19660196015655
    12302112132.2924  2795.89168343841  919.053747886714  5.744792048859357E-019  2.282615782024789E-002  2795.86885728059  677.742138582009  18.5189792518507  14.4011887713400  2.93277507513844  7.581635007630590E-022  1.18501541095766
    12302113034.3489  2567.48958743148  1511.48170380957  5.036735714333209E-019  2.496728549144041E-002  2567.46462014599  1195.94850473375  18.3054405102256  14.2485343264803  2.88884192503626  5.929935114523250E-022  1.16806426416317
    12302113361.4339  2379.03578300360  2598.55725037608  4.437302662535572E-019  2.685000542671649E-002  2379.00893299817  2173.45944631803  18.1027121033571  14.1010200410887  2.84755471665351  5.333720543904099E-022  1.15413734867825
    12302113510.7872  2219.67264629433  4723.68790007862  3.912825596704574E-019  2.827125958251697E-002  2219.64437503475  4133.78660230074  17.9061471366852  13.9548925494655  2.80760432170736  1.166891046250785E-021  1.14365026854081
    12302113571.8291  2088.69994165263  8238.12997199953  3.535263463951774E-019  2.928315413831684E-002  2088.67065849849  7337.74163167935  17.7510928329455  13.8374010582231  2.77566204509847  7.407834292168011E-021  1.13802973261206
    12302113590.0236  1999.66296179359  13392.9282848981  3.351169875167601E-019  2.962325768182574E-002  1999.63333853591  10982.0282811747  17.6673047431844  13.7754049404511  2.75722556503271  2.152920204361846E-020  1.13467424066692
    12302113599.0336  1903.79400923873  22857.5396682615  3.196170840420978E-019  2.968419846191141E-002  1903.76432504026  17825.8885592281  17.5893003575418  13.7209117080611  2.73841055308228  4.830649097889716E-020  1.12997809934573
    12302113604.2354  1794.48592294215  51100.4949224589  3.027844093561346E-019  2.953197116501510E-002  1794.45639097098  39582.7105714723  17.4990080112034  13.6589281220087  2.71519264527807  1.656940170761660E-019  1.12488724684622
    12302113605.8928  1714.99285438014  108773.048746196  2.905629518985019E-019  2.923144877157217E-002  1714.96362293137  72886.6751359134  17.4338916651517  13.6110205232697  2.69833538891094  8.760932851511118E-019  1.12453575588978
    12302113606.7950  1641.03589414159  164666.041219190  2.809926201756975E-019  2.887405866257941E-002  1641.00702008293  107488.902295012  17.3824829781267  13.5711168738264  2.68469417170251  4.056193705226889E-018  1.12667193550627
