    30000.0000000000  81445508574143.7  7.582935721735606E+016  6.675423177350768E+016 -1.072743115716448E+015
    191040.000000000  81444191023185.5  7.583022582204158E+016  6.675459164157373E+016 -1.072784412766922E+015
    653967.052800000  81437180073388.7  7.584105180224688E+016  6.676270663833113E+016 -1.073075831554921E+015
    1805877.69682330  81556130936100.2  7.579123157265873E+016  6.672362769323052E+016 -1.071256771788741E+015
    4672199.99055934  81550163003042.8  7.577309064516917E+016  6.670412399547301E+016 -1.071095479070460E+015
    11804527.0805086  81607767767469.1  7.618551615739486E+016  6.704732412750654E+016 -1.078991562426351E+015
    29552039.2249712  82212663246710.0  7.744442906295743E+016  6.810564430850806E+016 -1.100679590855215E+015
    73713528.6442803  82659488119801.6  7.977203231131495E+016  7.002478279464423E+016 -1.144723460733045E+015
    183601445.996136  83890366953532.9  8.165744284079068E+016  7.145837586344818E+016 -1.178211206956816E+015
    457037748.501104  86838247982999.0  8.402611806052953E+016  7.301573639131529E+016 -1.217835175495878E+015
    1137434768.75027  93788438617480.7  8.968198303555967E+016  7.647744370363228E+016 -1.317584598830800E+015
    2279771422.00745  107729197462379.  1.010476223321340E+017  8.307985358690470E+016 -1.523431894260529E+015
    3307164460.72002  124049052015028.  1.142009999833270E+017  9.024558592315486E+016 -1.767309124147783E+015
    4235326152.04800  143445740348745.  1.295304645740330E+017  9.799075466349988E+016 -2.057889636208505E+015
    5074398533.10656  166698124885318.  1.474833027000080E+017  1.062677890385529E+017 -2.406064159771629E+015
    5825634226.30635  194457705659472.  1.684461943000946E+017  1.149026657339466E+017 -2.822742646345951E+015
    6494740797.90551  228499722958914.  1.928946032906897E+017  1.236038058926196E+017 -3.317143599565196E+015
    7103590378.30215  273797137798889.  2.218254264344173E+017  1.316529509633797E+017 -3.905365493297741E+015
    7533560065.45323  316099899607058.  2.492500689011615E+017  1.372011618786418E+017 -4.489925833304387E+015
    7622810835.05925  324945542119683.  2.565987728908629E+017  1.387061081414812E+017 -4.656769202926402E+015
    7954490933.00133  339808333493184.  2.939376000234129E+017  1.485080887775494E+017 -5.621431461535081E+015
    8221296511.04718  330452975083173.  3.313409961216115E+017  1.605701222446441E+017 -6.710485938583370E+015
    8541228713.01095  323939092872373.  3.794171913301954E+017  1.784258469622270E+017 -8.081450345934615E+015
    8897258387.96117  324094317446157.  4.455334988401273E+017  2.056294769691349E+017 -9.894115499921696E+015
    9229804194.25685  327857187906203.  5.316846673919871E+017  2.421135821545671E+017 -1.223198857669134E+016
    9522837285.29667  333520357976972.  6.400123614760448E+017  2.875716831898472E+017 -1.517545142437983E+016
    9776213505.19798  340627301055617.  7.741866793135024E+017  3.426865468054526E+017 -1.882110835093184E+016
    9994171517.85279  348712558687537.  9.417588733237613E+017  4.096887587004870E+017 -2.336074281791487E+016
    10179609865.9341  357609596315088.  1.150821748138005E+018  4.907061059643008E+017 -2.898270645863082E+016
    10336221861.4076  367311897711694.  1.411675556491585E+018  5.882731076733871E+017 -3.591639406915337E+016
    10468414933.4664  378002335866434.  1.738848628755906E+018  7.058889138596541E+017 -4.448302661229661E+016
    10579999481.1947  390014672302099.  2.151456132614981E+018  8.478576717755624E+017 -5.510084058324850E+016
    10674321371.6898  403890634451292.  2.675094657926966E+018  1.019627615750155E+018 -6.832861353738418E+016
    10754269607.5973  420412410462253.  3.343674896336176E+018  1.228002278571855E+018 -8.490287930058456E+016
    10822346692.4240  440566016908655.  4.201437004656091E+018  1.481314356099459E+018 -1.057736078484995E+017
    10880791010.1544  465384347170111.  5.301860364012073E+018  1.788663444869285E+018 -1.320569718880736E+017
    10931654751.4163  495662442242689.  6.708052828869289E+018  2.159625953458179E+018 -1.650276932053706E+017
    10976542252.6985  531923210170815.  8.493590745984370E+018  2.604151501955737E+018 -2.061126448010341E+017
    11017397979.3687  573952504949311.  1.076435645956893E+019  3.136431947919648E+018 -2.574083705853957E+017
    11054826215.2701  622589013996329.  1.362291091098354E+019  3.767707712776369E+018 -3.206793171677988E+017
    11089660491.7936  676182080892883.  1.719209652503433E+019  4.508057848648957E+018 -3.981408113107920E+017
    11122827638.5312  734035996826163.  2.164254796554864E+019  5.373494918720472E+018 -4.928234791076908E+017
    11154907008.4092  794157599540506.  2.715632863247120E+019  6.375303908840948E+018 -6.078689579307227E+017
    11186360646.1933  854792212821959.  3.394049708484355E+019  7.523972759517744E+018 -7.467020688333555E+017
    11217840487.9738  913827755143339.  4.228630818065998E+019  8.835933980643842E+018 -9.142921384647494E+017
    11249920065.7774  969206891068495.  5.255575062946741E+019  1.032909782165912E+019 -1.116685692306344E+018
    11282910960.9751  1.018992438998065E+015  6.510983147042434E+019  1.201226599492627E+019 -1.359478415639895E+018
    11316948903.7746  1.062200999145257E+015  8.029793761041908E+019  1.388769353572096E+019 -1.647557640300264E+018
    11351864077.5368  1.099137845797745E+015  9.835997332236097E+019  1.594499504631945E+019 -1.983250816942948E+018
    11387666225.9126  1.131707228431823E+015  1.196436827531759E+020  1.819049953067666E+019 -2.370431335588493E+018
    11424315624.4243  1.162972067859364E+015  1.445911657409981E+020  2.064438111543027E+019 -2.814000198561881E+018
    11451055819.9145  1.185127001802340E+015  1.649310472668098E+020  2.253467060309884E+019 -3.168583052329437E+018
    11455972006.0775  1.189089879171185E+015  1.688816807342008E+020  2.289168731682758E+019 -3.236812521932289E+018
    11460960773.0253  1.194225146962331E+015  1.730588703546465E+020  2.327068451358143E+019 -3.308467901964727E+018
    11473374421.5970  1.206354924817444E+015  1.836600411496690E+020  2.421644755833600E+019 -3.489458646898806E+018
    11497891531.0372  1.232124351664801E+015  2.060472816704406E+020  2.616345332192333E+019 -3.866802340163500E+018
    11509514715.9464  1.245474072997827E+015  2.174614440326892E+020  2.713358981971523E+019 -4.056788720616712E+018
    11533467203.1889  1.276805546963349E+015  2.427890054507957E+020  2.924650016179105E+019 -4.472675553758256E+018
    11559807922.5158  1.316065865251985E+015  2.736787021367972E+020  3.175179377813319E+019 -4.970741623171165E+018
    11568124632.2659  1.329783742342079E+015  2.842062203543318E+020  3.259078495560817E+019 -5.138344556795854E+018
    11573368808.5009  1.339435064690008E+015  2.911315716762040E+020  3.314221178212458E+019 -5.247858960695093E+018
    11585325423.2016  1.362250229239512E+015  3.074802787742690E+020  3.443200878702119E+019 -5.504754701393600E+018
    11600181745.7023  1.392557963092483E+015  3.290798797193520E+020  3.611290186601276E+019 -5.840778296517062E+018
    11613046409.2184  1.422431679532121E+015  3.493138971754293E+020  3.767434114309791E+019 -6.151803789386281E+018
    11641053117.5416  1.497458939718385E+015  3.985544959047299E+020  4.141173302788323E+019 -6.895861254577168E+018
    11650340634.9956  1.525939341539304E+015  4.167049464852205E+020  4.277064741079459E+019 -7.165863454004771E+018
    11666927992.5682  1.583343896659881E+015  4.520055585295895E+020  4.539522364359222E+019 -7.684622182994505E+018
    11694937013.5717  1.701204423224488E+015  5.216385069862953E+020  5.049877870506738E+019 -8.686404921779252E+018
    11713723445.2217  1.800293280831466E+015  5.773607896253751E+020  5.453300073229287E+019 -9.469398487611073E+018
    11722102061.6098  1.851939769765473E+015  6.052940237361556E+020  5.654593604605651E+019 -9.856053657241690E+018
    11740363705.4568  1.980920229720653E+015  6.739141890872021E+020  6.144760831479207E+019 -1.079201011072747E+019
    11761591057.9886  2.171487787578566E+015  7.715418592647779E+020  6.835019937404238E+019 -1.209217739992659E+019
    11780639550.2089  2.397477171245813E+015  8.821422025887937E+020  7.610060902028657E+019 -1.352595893842910E+019
    11798144716.0200  2.671486802352324E+015  1.011561053716685E+021  8.507945144710204E+019 -1.515959786798385E+019
    11815651624.7629  3.021453357423644E+015  1.177679520083209E+021  9.637396204270452E+019 -1.720379499415492E+019
    11832272046.4609  3.384377512187256E+015  1.374340204477701E+021  1.090792530706661E+020 -1.958017862188251E+019
    11845530533.4438  3.656907606421796E+015  1.561717406160819E+021  1.203737711353093E+020 -2.182009274289220E+019
    11856307502.7430  3.892818854148436E+015  1.743785457579854E+021  1.309208291484839E+020 -2.396545040419893E+019
    11865447723.0953  4.161102940778770E+015  1.933337536257186E+021  1.419148628382586E+020 -2.614951168164366E+019
    11873385034.8935  4.506086337767684E+015  2.140055015836596E+021  1.541767711093377E+020 -2.846736523903258E+019
    11880251100.2673  4.950634083411374E+015  2.368099477679180E+021  1.680678924371430E+020 -3.095256229903565E+019
    11886145082.2115  5.509671854083706E+015  2.620276657843372E+021  1.837959692426033E+020 -3.362528586047483E+019
    11891162184.9442  6.197325944661280E+015  2.898945785679038E+021  2.015185658010297E+020 -3.650091860607352E+019
    11895435122.5399  7.036436688521037E+015  3.208796456136230E+021  2.215413107086634E+020 -3.961728607043052E+019
    11899065853.4227  8.052561723158915E+015  3.553882720814082E+021  2.441356815550328E+020 -4.300299927847623E+019
    11902144647.6721  9.276568285208493E+015  3.938585278520330E+021  2.695996907052692E+020 -4.668758905398768E+019
    11904761256.3358  1.075229223397017E+016  4.369642371227221E+021  2.983935720800765E+020 -5.072020433323414E+019
    11906990346.2826  1.253341913568516E+016  4.854670625692156E+021  3.310403070900970E+020 -5.515424020151075E+019
    11908889812.0633  1.468161361278319E+016  5.401435412687252E+021  3.680737567012335E+020 -6.004050614727287E+019
    11910511415.5177  1.727561420340113E+016  6.019949199852775E+021  4.101776085527447E+020 -6.544576563760528E+019
    11911900804.7230  2.041440179458613E+016  6.722642075503243E+021  4.581939023494043E+020 -7.145267658542341E+019
    11913095056.6403  2.421866508727990E+016  7.524183269302339E+021  5.131053146294542E+020 -7.815686770574620E+019
    11914124709.6694  2.883566100211684E+016  8.442301485678270E+021  5.760787106523895E+020 -8.567270216878775E+019
    11915011608.1885  3.440950596469381E+016  9.492328940398384E+021  6.480733176793903E+020 -9.408870168467514E+019
    11915771131.0122  4.104707073103310E+016  1.068271267584918E+022  7.295207692597152E+020 -1.034358565533297E+020
    11916418520.9877  4.881636708538197E+016  1.201739937680010E+022  8.204819919192188E+020 -1.137122001147709E+020
    11916967642.9461  5.770548046844900E+016  1.349120327169977E+022  9.203323765565264E+020 -1.248518757372838E+020
    11917429535.0881  6.756946996136288E+016  1.508255316457959E+022  1.027318428401100E+021 -1.366765293013401E+020
    11917815050.3883  7.815227262534184E+016  1.675382312155810E+022  1.138738477902120E+021 -1.489019378404346E+020
    11918134427.4881  8.913563000000972E+016  1.843889541488158E+022  1.250606543214832E+021 -1.610392010395377E+020
    11918246048.5179  9.354953212017834E+016  1.908579774530053E+022  1.293842897803211E+021 -1.656391195304896E+020
    12158478131.1037  4.589043729992821E+017  1.337251291060055E+020  5.474255844785639E+019 -1.111192889450496E+018
    12158836626.1339  4.600941616167780E+017  1.330818788451426E+020  5.439333301536512E+019 -1.113475682810398E+018
    12160557402.2787  4.655566438668817E+017  1.305187293293699E+020  5.295423400166671E+019 -1.125204926607270E+018
    12161633629.0120  4.687937820688155E+017  1.292628067177703E+020  5.215867118122556E+019 -1.136682130614542E+018
    12162936134.5367  4.723075687052862E+017  1.278191808665101E+020  5.130150619406812E+019 -1.145819889130995E+018
    12164512698.0967  4.765943584498944E+017  1.263173048645460E+020  5.030887704639673E+019 -1.161659939121436E+018
    12166468610.3004  4.817066044197253E+017  1.245758668787904E+020  4.916464813976114E+019 -1.179129459471611E+018
    12168817775.2841  4.874487140871329E+017  1.226462889633028E+020  4.792001641581293E+019 -1.196448074556775E+018
    12171500838.2358  4.939321267889168E+017  1.206312787397648E+020  4.658321001620867E+019 -1.216128180533234E+018
    12174498778.1148  5.011488585332303E+017  1.185493622402806E+020  4.517775496481677E+019 -1.237230854638400E+018
    12177782612.8070  5.090113283205798E+017  1.164262887034548E+020  4.373679381024074E+019 -1.258382925576615E+018
    12181308431.5792  5.174519639737142E+017  1.143118671943819E+020  4.228818767009967E+019 -1.279262310215168E+018
    12185007951.1638  5.263926004077115E+017  1.122510177878054E+020  4.085590081828874E+019 -1.299747430651191E+018
    12188809537.4983  5.357791322514323E+017  1.102870287768019E+020  3.945993883829235E+019 -1.319999563345407E+018
    12192719715.4602  5.457601816143802E+017  1.084195113878690E+020  3.808898261944114E+019 -1.340692735066442E+018
    12196719696.4566  5.563482316032940E+017  1.066642056827207E+020  3.675020020109899E+019 -1.361913053884279E+018
    12200773160.4338  5.675860189398549E+017  1.050318243663239E+020  3.544535702478876E+019 -1.383912676559620E+018
    12204837666.6845  5.794673538067064E+017  1.035327677127252E+020  3.418047715221439E+019 -1.406716486969465E+018
    12208909011.4362  5.919630630647082E+017  1.021683963116439E+020  3.296288228321329E+019 -1.429999114856903E+018
    12212992335.2832  6.052552058242933E+017  1.009380589134772E+020  3.177994165130348E+019 -1.454480044741985E+018
    12217100028.5248  6.195170896435045E+017  9.983481441668967E+019  3.062391604081998E+019 -1.480362659709148E+018
    12221228872.3230  6.347496866648169E+017  9.887396830438112E+019  2.950404715805464E+019 -1.507642182817859E+018
    12225361282.8682  6.512920087675512E+017  9.807178159957255E+019  2.841043219332394E+019 -1.537315439970838E+018
    12229487148.5544  6.689483886028023E+017  9.742571209951526E+019  2.736405521208280E+019 -1.568199797459661E+018
    12233636743.7484  6.881664558567271E+017  9.692667715955382E+019  2.634626056646344E+019 -1.600885754899832E+018
    12237840387.7048  7.093656444101198E+017  9.663913548471440E+019  2.536055847335095E+019 -1.637160244243726E+018
    12242064637.1841  7.332310442622844E+017  9.661165610916912E+019  2.439762037081512E+019 -1.678754321074098E+018
    12246338124.5876  7.601624362836596E+017  9.688719822601334E+019  2.346746280470765E+019 -1.726325304565583E+018
    12250673459.3730  7.913427060200795E+017  9.755316932770297E+019  2.256641370869610E+019 -1.782306126615977E+018
    12254949719.0865  8.270853924072176E+017  9.871458069907989E+019  2.173045681580107E+019 -1.847980764481144E+018
    12259080454.6319  8.671905465258968E+017  1.004027719089074E+020  2.099199866723885E+019 -1.922816923085270E+018
    12262918037.3537  9.116339571675582E+017  1.026789239592371E+020  2.037081230403459E+019 -2.007753889389820E+018
    12265462932.8413  9.460847437324446E+017  1.046829802124107E+020  2.000560366219993E+019 -2.074868812646707E+018
    12266601585.3860  9.629241733033517E+017  1.057013679143880E+020  1.985524873809821E+019 -2.107326264054675E+018
    12269128833.9691  9.994094356206659E+017  1.077877680745209E+020  1.955954994411600E+019 -2.172447476952884E+018
    12272281889.8996  1.048824304937083E+018  1.107941858635483E+020  1.927277257253024E+019 -2.260882508336401E+018
    12275180263.1124  1.103044229008796E+018  1.144319162256728E+020  1.909473898426857E+019 -2.361587884162944E+018
    12277690439.0786  1.159615075350615E+018  1.185488400883300E+020  1.903339207308167E+019 -2.470408505386613E+018
    12281064024.2234  1.255816167853748E+018  1.261460681183783E+020  1.915677140376336E+019 -2.662899223561137E+018
    12286724397.2849  1.511720007847926E+018  1.488989736685465E+020  2.038553640153526E+019 -3.210453074957313E+018
    12290199980.4595  1.810890717613604E+018  1.786978948065526E+020  2.278322181230112E+019 -3.900527552499944E+018
    12292221287.2442  2.154242024216506E+018  2.161688712897137E+020  2.627997146545046E+019 -4.749909206877171E+018
    12293178408.7632  2.569423693869337E+018  2.671101462937841E+020  3.140599596652091E+019 -5.891562798347378E+018
    12293516089.7295  3.007569276696092E+018  3.294552811254379E+020  3.788684319295227E+019 -7.291337453606614E+018
    12293663742.8793  3.443456036659667E+018  4.055636997857736E+020  4.579550796992099E+019 -9.029373035224859E+018
    12293739588.4913  3.792686616545290E+018  4.980597974579752E+020  5.515973566963867E+019 -1.123670401108482E+019
    12293785805.8149  3.806209362792643E+018  5.964675781195494E+020  6.446030288694168E+019 -1.386047062923062E+019
    12293826703.3030  3.822664742358307E+018  7.007187340625142E+020  7.396843767776534E+019 -1.666443213780954E+019
    12293871378.2246  3.973951900241409E+018  8.279622528462120E+020  8.543659396640734E+019 -1.996039254250867E+019
    12293918427.4151  4.182136760041177E+018  9.741599063826548E+020  9.831610657897784E+019 -2.368622269077191E+019
    12293969593.8854  4.389102861335498E+018  1.140202085121151E+021  1.124656842690928E+020 -2.791797616799411E+019
    12294033925.8592  4.511025117492592E+018  1.337458974083798E+021  1.283608274076449E+020 -3.307247399879172E+019
    12294135146.8166  4.228071690938430E+018  1.549070379392651E+021  1.429610038802762E+020 -3.924549640607015E+019
    12294214317.0748  3.821137845377527E+018  1.641244528609790E+021  1.473958003174745E+020 -4.251140411606515E+019
    12294299832.3143  3.480617278826562E+018  1.733367355462353E+021  1.515957688432766E+020 -4.576984394315827E+019
    12294417266.9346  3.145808639776472E+018  1.858986016378296E+021  1.573804102905481E+020 -5.007605131274674E+019
    12294575861.8496  2.818075268735790E+018  2.017649822980119E+021  1.643770087291502E+020 -5.545208912998102E+019
    12294794904.8079  2.517550057988351E+018  2.231899950904337E+021  1.737242512494942E+020 -6.250580108745666E+019
    12295097685.4727  2.256894750245706E+018  2.529709104705494E+021  1.865985204346794E+020 -7.198939352304751E+019
    12295514257.1535  2.032511289782491E+018  2.953170480535711E+021  2.043692798678632E+020 -8.507352022451895E+019
    12296037033.5229  1.832633867872054E+018  3.511834808104175E+021  2.261815208694962E+020 -1.020028800015434E+020
    12296582513.2731  1.664617082647151E+018  4.150895790834505E+021  2.489811491479220E+020 -1.210750718473023E+020
    12297106994.4025  1.523475222238896E+018  4.851923642317518E+021  2.718684860039419E+020 -1.416956558532583E+020
    12297606074.2068  1.400643762555466E+018  5.639989327285666E+021  2.955714671438820E+020 -1.645324997734054E+020
    12298073800.3614  1.292233550054706E+018  6.542111002259154E+021  3.207246012590430E+020 -1.902647223031817E+020
    12298509488.3337  1.193347532935513E+018  7.595514840849392E+021  3.479419000957459E+020 -2.198457244562468E+020
    12298905843.4568  1.102728036998244E+018  8.822864822204350E+021  3.773122061973871E+020 -2.537755960679781E+020
    12299581369.0664  9.336102675872880E+017  1.195607777953682E+022  4.431402578478550E+020 -3.384739998684370E+020
    12300551694.6337  6.245532681817435E+017  2.153661109625804E+022  5.904853892683124E+020 -5.875768215433546E+020
    12301161079.4767  4.104780404676956E+017  3.331853441688369E+022  7.075192182811167E+020 -8.833202505508741E+020
    12301656084.9749  2.707014449054158E+017  4.682707349031721E+022  7.966601680466565E+020 -1.214202629372080E+021
    12302014405.7169  2.031635859303111E+017  5.931408858783755E+022  8.656257950027040E+020 -1.512593901993657E+021
    12302086491.9841  1.929871276093095E+017  6.230952841869580E+022  8.826064265965105E+020 -1.582979911212858E+021
    12302098779.3982  1.916577525113186E+017  6.291488360664904E+022  8.866764524579162E+020 -1.597029026468820E+021
    12302104055.0953  1.911560253875972E+017  6.319258443570407E+022  8.886531049922707E+020 -1.603446590880104E+021
    12302108040.6003  1.905904247957293E+017  6.335945260973347E+022  8.895314645051585E+020 -1.607363920950383E+021
    12302110410.6411  1.900368280896069E+017  6.340778370462133E+022  8.893330318828317E+020 -1.608589997409785E+021
    12302112132.2924  1.892094506693503E+017  6.334274025848783E+022  8.877761200503533E+020 -1.607309269056081E+021
    12302113034.3489  1.880780725222392E+017  6.314426876578072E+022  8.846418198714510E+020 -1.603072892984496E+021
    12302113361.4339  1.870661926151607E+017  6.293053290365271E+022  8.815051363598753E+020 -1.598460517205397E+021
    12302113510.7872  1.860913599924450E+017  6.271198568080935E+022  8.783660758478677E+020 -1.593728501805320E+021
    12302113571.8291  1.853184510864418E+017  6.253424513364881E+022  8.758353000128960E+020 -1.589874056439416E+021
    12302113590.0236  1.849150948630104E+017  6.244040566388334E+022  8.745042798221967E+020 -1.587837493283083E+021
    12302113599.0336  1.845641106289833E+017  6.235819021966162E+022  8.733407393650245E+020 -1.586052365698850E+021
    12302113604.2354  1.865944456396594E+017  6.226152610792710E+022  8.748262288741264E+020 -1.583374412812485E+021
    12302113605.8928  1.841372151128041E+017  6.219241639052860E+022  8.713236648001367E+020 -1.582385303228506E+021
    12302113606.7950  1.838965895395283E+017  6.213561539930192E+022  8.705217115632845E+020 -1.581151029725676E+021
