1 0.005 0 -0.01 0.5 0
0.9999 0.01 0 -0.0199996 0.49995 0
0.9997 0.0149995 0 -0.0300001 0.49985 0
0.9994 0.019998 0 -0.0400027 0.4997 0
0.999 0.024995 0 -0.0500088 0.4995 0
0.9985 0.02999 0 -0.0600194 0.499249 0
0.9979 0.0349825 0 -0.0700359 0.498948 0
0.997199 0.039972 0 -0.0800595 0.498597 0
0.996399 0.0449579 0 -0.0900916 0.498195 0
0.995498 0.0499399 0 -0.100133 0.497742 0
0.994496 0.0549173 0 -0.110186 0.497237 0
0.993395 0.0598897 0 -0.120251 0.496682 0
0.992192 0.0648565 0 -0.130329 0.496074 0
0.990889 0.0698172 0 -0.140423 0.495414 0
0.989485 0.0747714 0 -0.150532 0.494702 0
0.987979 0.0797184 0 -0.160659 0.493937 0
0.986373 0.0846578 0 -0.170804 0.493118 0
0.984665 0.089589 0 -0.18097 0.492246 0
0.982855 0.0945114 0 -0.191157 0.491319 0
0.980943 0.0994246 0 -0.201367 0.490337 0
0.97893 0.104328 0 -0.211601 0.4893 0
0.976814 0.109221 0 -0.221861 0.488206 0
0.974595 0.114103 0 -0.232148 0.487056 0
0.972274 0.118974 0 -0.242463 0.485848 0
0.969849 0.123832 0 -0.252809 0.484582 0
0.967321 0.128678 0 -0.263185 0.483258 0
0.964689 0.13351 0 -0.273595 0.481873 0
0.961953 0.138329 0 -0.284039 0.480427 0
0.959113 0.143133 0 -0.294519 0.47892 0
0.956167 0.147923 0 -0.305036 0.477351 0
0.953117 0.152696 0 -0.315593 0.475718 0
0.949961 0.157453 0 -0.32619 0.47402 0
0.946699 0.162194 0 -0.33683 0.472256 0
0.943331 0.166916 0 -0.347514 0.470426 0
0.939856 0.17162 0 -0.358244 0.468527 0
0.936273 0.176306 0 -0.369021 0.466559 0
0.932583 0.180971 0 -0.379848 0.464521 0
0.928785 0.185616 0 -0.390726 0.46241 0
0.924877 0.190241 0 -0.401656 0.460225 0
0.920861 0.194843 0 -0.412642 0.457966 0
0.916735 0.199422 0 -0.423685 0.455629 0
0.912498 0.203979 0 -0.434787 0.453214 0
0.90815 0.208511 0 -0.44595 0.450719 0
0.90369 0.213018 0 -0.457176 0.448141 0
0.899119 0.217499 0 -0.468467 0.44548 0
0.894434 0.221954 0 -0.479825 0.442732 0
0.889636 0.226382 0 -0.491253 0.439896 0
0.884723 0.230781 0 -0.502753 0.43697 0
0.879696 0.23515 0 -0.514328 0.433951 0
0.874552 0.23949 0 -0.525979 0.430836 0
0.869292 0.243798 0 -0.53771 0.427624 0
0.863915 0.248074 0 -0.549522 0.424311 0
0.85842 0.252317 0 -0.561419 0.420895 0
0.852806 0.256526 0 -0.573404 0.417372 0
0.847072 0.2607 0 -0.585478 0.41374 0
0.841217 0.264838 0 -0.597646 0.409995 0
0.835241 0.268937 0 -0.60991 0.406134 0
0.829142 0.272999 0 -0.622272 0.402153 0
0.822919 0.27702 0 -0.634737 0.398049 0
0.816571 0.281001 0 -0.647308 0.393818 0
0.810098 0.284939 0 -0.659988 0.389454 0
0.803499 0.288834 0 -0.67278 0.384955 0
0.796771 0.292683 0 -0.685688 0.380315 0
0.789914 0.296486 0 -0.698716 0.375529 0
0.782927 0.300242 0 -0.711867 0.370593 0
0.775808 0.303947 0 -0.725147 0.3655 0
0.768557 0.307603 0 -0.738558 0.360246 0
0.761171 0.311205 0 -0.752105 0.354824 0
0.75365 0.314753 0 -0.765793 0.349228 0
0.745992 0.318245 0 -0.779627 0.34345 0
0.738196 0.32168 0 -0.79361 0.337485 0
0.73026 0.325055 0 -0.807748 0.331324 0
0.722182 0.328368 0 -0.822047 0.32496 0
0.713962 0.331618 0 -0.83651 0.318383 0
0.705597 0.334801 0 -0.851145 0.311585 0
0.697085 0.337917 0 -0.865957 0.304557 0
0.688426 0.340963 0 -0.880952 0.297289 0
0.679616 0.343936 0 -0.896135 0.289768 0
0.670655 0.346833 0 -0.911514 0.281985 0
0.66154 0.349653 0 -0.927096 0.273927 0
0.652269 0.352393 0 -0.942886 0.265581 0
0.64284 0.355048 0 -0.958894 0.256933 0
0.633251 0.357618 0 -0.975125 0.247969 0
0.6235 0.360097 0 -0.991588 0.238671 0
0.613584 0.362484 0 -1.00829 0.229024 0
0.603501 0.364774 0 -1.02524 0.219009 0
0.593248 0.366965 0 -1.04245 0.208607 0
0.582824 0.369051 0 -1.05993 0.197796 0
0.572224 0.371029 0 -1.07769 0.186554 0
0.561448 0.372894 0 -1.09573 0.174857 0
0.55049 0.374643 0 -1.11406 0.162678 0
0.53935 0.376269 0 -1.13271 0.149989 0
0.528023 0.377769 0 -1.15167 0.136759 0
0.516506 0.379137 0 -1.17097 0.122955 0
0.504796 0.380366 0 -1.1906 0.108541 0
0.49289 0.381452 0 -1.21059 0.0934775 0
0.480784 0.382387 0 -1.23095 0.0777216 0
0.468475 0.383164 0 -1.25169 0.0612268 0
0.455958 0.383776 0 -1.27283 0.0439422 0
0.44323 0.384216 0 -1.29437 0.025812 0
0.430286 0.384474 0 -1.31633 0.00677506 0
0.417123 0.384541 0 -1.33872 -0.0132358 0
0.403735 0.384409 0 -1.36156 -0.0342947 0
0.39012 0.384066 0 -1.38487 -0.0564833 0
0.376271 0.383501 0 -1.40865 -0.0798919 0
0.362185 0.382702 0 -1.43291 -0.104621 0
0.347856 0.381656 0 -1.45767 -0.130781 0
0.333279 0.380348 0 -1.48293 -0.158496 0
0.31845 0.378763 0 -1.5087 -0.187906 0
0.303363 0.376884 0 -1.53498 -0.219164 0
0.288013 0.374693 0 -1.56177 -0.252444 0
0.272395 0.372168 0 -1.58905 -0.287942 0
0.256505 0.369289 0 -1.61682 -0.325879 0
0.240336 0.36603 0 -1.64504 -0.366504 0
0.223886 0.362365 0 -1.67366 -0.410101 0
0.207149 0.358264 0 -1.70263 -0.456989 0
0.190123 0.353694 0 -1.73186 -0.507538 0
0.172805 0.348619 0 -1.76122 -0.562163 0
0.155192 0.342997 0 -1.79056 -0.621343 0
0.137287 0.336784 0 -1.81964 -0.685625 0
0.11909 0.329927 0 -1.84818 -0.755634 0
0.100609 0.322371 0 -1.87578 -0.832084 0
0.0818508 0.31405 0 -1.9019 -0.915787 0
0.0628318 0.304892 0 -1.92584 -1.00766 0
0.0435734 0.294816 0 -1.94667 -1.10873 0
0.0241067 0.283728 0 -1.96313 -1.22011 0
0.00447532 0.271527 0 -1.97357 -1.343 0
-0.0152604 0.258097 0 -1.97581 -1.47858 0
-0.0350185 0.243312 0 -1.96698 -1.62791 0
-0.0546883 0.227032 0 -1.9434 -1.79172 0
-0.0741224 0.209115 0 -1.90046 -1.96999 0
-0.093127 0.189415 0 -1.83259 -2.16147 0
-0.111453 0.167801 0 -1.73355 -2.3629 0
-0.128788 0.144172 0 -1.59721 -2.56818 0
-0.144761 0.11849 0 -1.41895 -2.76774 0
-0.15895 0.0908125 0 -1.19782 -2.94873 0
-0.170928 0.0613252 0 -0.938729 -3.09676 0
-0.180316 0.0303577 0 -0.653304 -3.19916 0
-0.186849 -0.00163396 0 -0.358369 -3.24882 0
-0.190432 -0.0341221 0 -0.0719706 -3.24631 0
-0.191152 -0.0665853 0 0.191015 -3.19919 0
-0.189242 -0.0985772 0 0.421498 -3.1189 0
-0.185027 -0.129766 0 0.61629 -3.01744 0
-0.178864 -0.159941 0 0.776589 -2.90501 0
-0.171098 -0.188991 0 0.906066 -2.78923 0
-0.162037 -0.216883 0 1.00933 -2.67517 0
-0.151944 -0.243635 0 1.09099 -2.56587 0
-0.141034 -0.269293 0 1.15518 -2.46295 0
-0.129482 -0.293923 0 1.20538 -2.36709 0
-0.117429 -0.317594 0 1.24446 -2.27837 0
-0.104984 -0.340378 0 1.27471 -2.19657 0
-0.0922368 -0.362343 0 1.29794 -2.12125 0
-0.0792574 -0.383556 0 1.31559 -2.05193 0
-0.0661015 -0.404075 0 1.32878 -1.98809 0
-0.0528138 -0.423956 0 1.33841 -1.92923 0
-0.0394297 -0.443248 0 1.34518 -1.87486 0
-0.0259779 -0.461997 0 1.34965 -1.82456 0
-0.0124813 -0.480243 0 1.35228 -1.77793 0
0.00104144 -0.498022 0 1.3534 -1.73461 0
0.0145755 -0.515368 0 1.35332 -1.6943 0
0.0281087 -0.532311 0 1.35225 -1.65669 0
0.0416312 -0.548878 0 1.3504 -1.62155 0
0.0551352 -0.565093 0 1.3479 -1.58864 0
0.0686142 -0.58098 0 1.34489 -1.55777 0
0.0820631 -0.596557 0 1.34146 -1.52875 0
0.0954778 -0.611845 0 1.33771 -1.50143 0
0.108855 -0.626859 0 1.33368 -1.47566 0
0.122192 -0.641616 0 1.32946 -1.45132 0
0.135486 -0.656129 0 1.32507 -1.4283 0
0.148737 -0.670412 0 1.32057 -1.40648 0
0.161943 -0.684477 0 1.31597 -1.38578 0
0.175102 -0.698334 0 1.31132 -1.36611 0
0.188216 -0.711995 0 1.30663 -1.34739 0
0.201282 -0.725469 0 1.30192 -1.32957 0
0.214301 -0.738765 0 1.2972 -1.31257 0
0.227273 -0.751891 0 1.29249 -1.29633 0
0.240198 -0.764854 0 1.2878 -1.28082 0
0.253076 -0.777662 0 1.28314 -1.26598 0
0.265907 -0.790322 0 1.27851 -1.25176 0
0.278693 -0.80284 0 1.27393 -1.23813 0
0.291432 -0.815221 0 1.26939 -1.22505 0
0.304126 -0.827471 0 1.26489 -1.21248 0
0.316775 -0.839596 0 1.26046 -1.20041 0
0.329379 -0.8516 0 1.25607 -1.18879 0
0.34194 -0.863488 0 1.25175 -1.1776 0
0.354457 -0.875264 0 1.24748 -1.16682 0
0.366932 -0.886932 0 1.24327 -1.15643 0
0.379365 -0.898497 0 1.23912 -1.1464 0
0.391756 -0.909961 0 1.23503 -1.13671 0
0.404106 -0.921328 0 1.231 -1.12735 0
0.416416 -0.932601 0 1.22703 -1.11831 0
0.428687 -0.943784 0 1.22312 -1.10955 0
0.440918 -0.95488 0 1.21927 -1.10108 0
0.453111 -0.965891 0 1.21548 -1.09287 0
0.465265 -0.976819 0 1.21175 -1.08492 0
0.477383 -0.987669 0 1.20808 -1.07721 0
0.489464 -0.998441 0 1.20446 -1.06972 0
0.501508 -1.00914 0 1.2009 -1.06246 0
0.513517 -1.01976 0 1.1974 -1.05541 0
0.525491 -1.03032 0 1.19395 -1.04856 0
0.537431 -1.0408 0 1.19055 -1.0419 0
0.549336 -1.05122 0 1.18721 -1.03542 0
0.561209 -1.06158 0 1.18392 -1.02912 0
0.573048 -1.07187 0 1.18068 -1.02299 0
0.584854 -1.0821 0 1.17748 -1.01702 0
0.596629 -1.09227 0 1.17434 -1.01121 0
0.608373 -1.10238 0 1.17125 -1.00554 0
0.620085 -1.11243 0 1.1682 -1.00002 0
0.631767 -1.12243 0 1.1652 -0.994635 0
0.643419 -1.13238 0 1.16224 -0.989383 0
0.655042 -1.14227 0 1.15933 -0.984257 0
0.666635 -1.15212 0 1.15646 -0.979254 0
0.678199 -1.16191 0 1.15363 -0.974369 0
0.689736 -1.17165 0 1.15085 -0.969597 0
0.701244 -1.18135 0 1.1481 -0.964935 0
0.712725 -1.191 0 1.1454 -0.960379 0
0.724179 -1.2006 0 1.14273 -0.955925 0
0.735607 -1.21016 0 1.14011 -0.951569 0
0.747008 -1.21968 0 1.13752 -0.947308 0
0.758383 -1.22915 0 1.13496 -0.943139 0
0.769732 -1.23858 0 1.13245 -0.93906 0
0.781057 -1.24797 0 1.12996 -0.935066 0
0.792356 -1.25732 0 1.12752 -0.931155 0
0.803632 -1.26663 0 1.1251 -0.927324 0
0.814883 -1.27591 0 1.12272 -0.923572 0
0.82611 -1.28514 0 1.12037 -0.919895 0
0.837314 -1.29434 0 1.11806 -0.916291 0
0.848494 -1.30351 0 1.11577 -0.912758 0
0.859652 -1.31263 0 1.11351 -0.909293 0
0.870787 -1.32173 0 1.11129 -0.905895 0
0.8819 -1.33079 0 1.10909 -0.902562 0
0.892991 -1.33981 0 1.10693 -0.899291 0
0.90406 -1.3488 0 1.10479 -0.896082 0
0.915108 -1.35776 0 1.10267 -0.892931 0
0.926135 -1.36669 0 1.10059 -0.889838 0
0.937141 -1.37559 0 1.09853 -0.886801 0
0.948126 -1.38446 0 1.0965 -0.883818 0
0.959091 -1.3933 0 1.09449 -0.880888 0
0.970036 -1.40211 0 1.09251 -0.878009 0
0.980961 -1.41089 0 1.09055 -0.875179 0
0.991866 -1.41964 0 1.08862 -0.872399 0
1.00275 -1.42836 0 1.08671 -0.869666 0
1.01362 -1.43706 0 1.08482 -0.866979 0
1.02447 -1.44573 0 1.08296 -0.864336 0
1.0353 -1.45437 0 1.08112 -0.861737 0
1.04611 -1.46299 0 1.0793 -0.859181 0
1.0569 -1.47158 0 1.0775 -0.856666 0
1.06768 -1.48015 0 1.07572 -0.854192 0
1.07843 -1.48869 0 1.07397 -0.851757 0
1.08917 -1.49721 0 1.07223 -0.849361 0
1.0999 -1.5057 0 1.07052 -0.847002 0
1.1106 -1.51417 0 1.06882 -0.844679 0
1.12129 -1.52262 0 1.06714 -0.842392 0
1.13196 -1.53104 0 1.06548 -0.84014 0
1.14262 -1.53944 0 1.06384 -0.837923 0
1.15325 -1.54782 0 1.06222 -0.835738 0
1.16388 -1.55618 0 1.06062 -0.833586 0
1.17448 -1.56452 0 1.05903 -0.831465 0
1.18507 -1.57283 0 1.05746 -0.829375 0
1.19565 -1.58112 0 1.05591 -0.827316 0
1.20621 -1.5894 0 1.05438 -0.825286 0
1.21675 -1.59765 0 1.05286 -0.823285 0
1.22728 -1.60588 0 1.05136 -0.821313 0
1.23779 -1.6141 0 1.04987 -0.819368 0
1.24829 -1.62229 0 1.0484 -0.81745 0
1.25878 -1.63046 0 1.04694 -0.815558 0
1.26924 -1.63862 0 1.0455 -0.813693 0
1.2797 -1.64676 0 1.04408 -0.811852 0
1.29014 -1.65488 0 1.04267 -0.810037 0
1.30057 -1.66298 0 1.04127 -0.808246 0
1.31098 -1.67106 0 1.03989 -0.806478 0
1.32138 -1.67912 0 1.03852 -0.804734 0
1.33176 -1.68717 0 1.03717 -0.803013 0
1.34214 -1.6952 0 1.03583 -0.801314 0
1.35249 -1.70321 0 1.0345 -0.799637 0
1.36284 -1.71121 0 1.03318 -0.797982 0
1.37317 -1.71919 0 1.03188 -0.796347 0
1.38349 -1.72715 0 1.03059 -0.794733 0
1.3938 -1.7351 0 1.02932 -0.793139 0
1.40409 -1.74303 0 1.02805 -0.791565 0
1.41437 -1.75095 0 1.0268 -0.790011 0
1.42464 -1.75885 0 1.02556 -0.788475 0
1.43489 -1.76673 0 1.02433 -0.786959 0
1.44514 -1.7746 0 1.02311 -0.78546 0
1.45537 -1.78246 0 1.02191 -0.78398 0
1.46559 -1.7903 0 1.02071 -0.782517 0
1.47579 -1.79812 0 1.01953 -0.781071 0
1.48599 -1.80593 0 1.01836 -0.779643 0
1.49617 -1.81373 0 1.0172 -0.778231 0
1.50634 -1.82151 0 1.01604 -0.776836 0
1.5165 -1.82928 0 1.0149 -0.775456 0
1.52665 -1.83703 0 1.01377 -0.774093 0
1.53679 -1.84478 0 1.01265 -0.772745 0
1.54692 -1.8525 0 1.01154 -0.771412 0
1.55703 -1.86022 0 1.01044 -0.770094 0
1.56714 -1.86792 0 1.00935 -0.768791 0
1.57723 -1.87561 0 1.00827 -0.767502 0
1.58731 -1.88328 0 1.0072 -0.766228 0
1.59739 -1.89094 0 1.00614 -0.764968 0
1.60745 -1.89859 0 1.00508 -0.763721 0
1.6175 -1.90623 0 1.00404 -0.762488 0
1.62754 -1.91386 0 1.003 -0.761268 0
1.63757 -1.92147 0 1.00198 -0.760061 0
1.64759 -1.92907 0 1.00096 -0.758867 0
1.6576 -1.93666 0 0.999951 -0.757685 0
1.6676 -1.94423 0 0.99895 -0.756516 0
1.67759 -1.9518 0 0.997958 -0.755359 0
1.68757 -1.95935 0 0.996974 -0.754214 0
1.69754 -1.96689 0 0.995998 -0.753081 0
1.7075 -1.97443 0 0.99503 -0.75196 0
1.71745 -1.98195 0 0.99407 -0.750849 0
1.72739 -1.98945 0 0.993118 -0.749751 0
1.73732 -1.99695 0 0.992173 -0.748663 0
1.74724 -2.00444 0 0.991236 -0.747586 0
1.75715 -2.01191 0 0.990307 -0.74652 0
1.76706 -2.01938 0 0.989385 -0.745464 0
1.77695 -2.02683 0 0.98847 -0.744419 0
1.78683 -2.03428 0 0.987563 -0.743384 0
1.79671 -2.04171 0 0.986663 -0.742359 0
1.80658 -2.04914 0 0.98577 -0.741345 0
1.81643 -2.05655 0 0.984884 -0.740339 0
1.82628 -2.06395 0 0.984004 -0.739344 0
1.83612 -2.07135 0 0.983132 -0.738358 0
1.84595 -2.07873 0 0.982266 -0.737381 0
1.85578 -2.0861 0 0.981407 -0.736414 0
1.86559 -2.09347 0 0.980554 -0.735455 0
1.8754 -2.10082 0 0.979708 -0.734506 0
1.88519 -2.10817 0 0.978869 -0.733565 0
1.89498 -2.1155 0 0.978035 -0.732633 0
1.90476 -2.12283 0 0.977208 -0.73171 0
1.91453 -2.13015 0 0.976387 -0.730795 0
1.9243 -2.13745 0 0.975572 -0.729888 0
1.93405 -2.14475 0 0.974763 -0.72899 0
1.9438 -2.15204 0 0.97396 -0.728099 0
1.95354 -2.15932 0 0.973163 -0.727217 0
1.96327 -2.1666 0 0.972372 -0.726342 0
1.973 -2.17386 0 0.971586 -0.725475 0
1.98271 -2.18111 0 0.970807 -0.724616 0
1.99242 -2.18836 0 0.970032 -0.723764 0
2.00212 -2.1956 0 0.969264 -0.72292 0
2.01181 -2.20283 0 0.968501 -0.722083 0
2.0215 -2.21005 0 0.967743 -0.721254 0
2.03118 -2.21726 0 0.966991 -0.720431 0
2.04085 -2.22446 0 0.966244 -0.719616 0
2.05051 -2.23166 0 0.965502 -0.718807 0
2.06016 -2.23885 0 0.964765 -0.718005 0
2.06981 -2.24603 0 0.964034 -0.71721 0
2.07945 -2.2532 0 0.963307 -0.716422 0
2.08908 -2.26036 0 0.962586 -0.71564 0
2.09871 -2.26752 0 0.961869 -0.714865 0
2.10833 -2.27467 0 0.961158 -0.714096 0
2.11794 -2.28181 0 0.960451 -0.713334 0
2.12755 -2.28894 0 0.959749 -0.712578 0
2.13714 -2.29607 0 0.959052 -0.711828 0
2.14673 -2.30319 0 0.95836 -0.711084 0
2.15632 -2.3103 0 0.957672 -0.710346 0
2.16589 -2.3174 0 0.956989 -0.709614 0
2.17546 -2.3245 0 0.95631 -0.708888 0
2.18503 -2.33159 0 0.955636 -0.708167 0
2.19458 -2.33867 0 0.954966 -0.707453 0
2.20413 -2.34574 0 0.954301 -0.706744 0
2.21368 -2.35281 0 0.95364 -0.70604 0
2.22321 -2.35987 0 0.952983 -0.705343 0
2.23274 -2.36693 0 0.952331 -0.70465 0
2.24227 -2.37397 0 0.951683 -0.703963 0
2.25178 -2.38101 0 0.951039 -0.703281 0
2.26129 -2.38804 0 0.950399 -0.702605 0
2.2708 -2.39507 0 0.949763 -0.701934 0
2.28029 -2.40209 0 0.949132 -0.701267 0
2.28979 -2.4091 0 0.948504 -0.700606 0
2.29927 -2.41611 0 0.94788 -0.69995 0
2.30875 -2.42311 0 0.947261 -0.699299 0
2.31822 -2.4301 0 0.946645 -0.698653 0
2.32769 -2.43709 0 0.946033 -0.698011 0
2.33715 -2.44407 0 0.945425 -0.697374 0
2.3466 -2.45104 0 0.944821 -0.696742 0
2.35605 -2.45801 0 0.94422 -0.696115 0
2.36549 -2.46497 0 0.943623 -0.695492 0
2.37493 -2.47192 0 0.94303 -0.694874 0
2.38436 -2.47887 0 0.94244 -0.69426 0
2.39378 -2.48582 0 0.941854 -0.693651 0
2.4032 -2.49275 0 0.941272 -0.693046 0
2.41262 -2.49968 0 0.940693 -0.692446 0
2.42202 -2.50661 0 0.940117 -0.69185 0
2.43142 -2.51353 0 0.939545 -0.691258 0
2.44082 -2.52044 0 0.938977 -0.69067 0
2.45021 -2.52735 0 0.938412 -0.690087 0
2.45959 -2.53425 0 0.93785 -0.689507 0
2.46897 -2.54114 0 0.937292 -0.688932 0
2.47834 -2.54803 0 0.936737 -0.68836 0
2.48771 -2.55491 0 0.936185 -0.687793 0
2.49707 -2.56179 0 0.935636 -0.68723 0
2.50643 -2.56866 0 0.935091 -0.68667 0
2.51578 -2.57553 0 0.934549 -0.686114 0
2.52513 -2.58239 0 0.934009 -0.685563 0
2.53447 -2.58925 0 0.933474 -0.685014 0
2.5438 -2.5961 0 0.932941 -0.68447 0
2.55313 -2.60294 0 0.932411 -0.683929 0
2.56245 -2.60978 0 0.931884 -0.683392 0
2.57177 -2.61662 0 0.93136 -0.682859 0
2.58109 -2.62344 0 0.93084 -0.682329 0
2.5904 -2.63027 0 0.930322 -0.681803 0
2.5997 -2.63709 0 0.929807 -0.68128 0
2.609 -2.6439 0 0.929295 -0.680761 0
2.61829 -2.65071 0 0.928786 -0.680245 0
2.62758 -2.65751 0 0.92828 -0.679732 0
2.63686 -2.66431 0 0.927776 -0.679223 0
2.64614 -2.6711 0 0.927276 -0.678717 0
2.65541 -2.67789 0 0.926778 -0.678215 0
2.66468 -2.68467 0 0.926283 -0.677716 0
2.67394 -2.69144 0 0.92579 -0.677219 0
2.6832 -2.69822 0 0.925301 -0.676727 0
2.69245 -2.70498 0 0.924814 -0.676237 0
2.7017 -2.71175 0 0.924329 -0.67575 0
2.71094 -2.7185 0 0.923848 -0.675267 0
2.72018 -2.72526 0 0.923369 -0.674786 0
2.72942 -2.732 0 0.922892 -0.674309 0
2.73864 -2.73875 0 0.922418 -0.673835 0
2.74787 -2.74549 0 0.921947 -0.673363 0
2.75709 -2.75222 0 0.921478 -0.672895 0
2.7663 -2.75895 0 0.921012 -0.672429 0
2.77551 -2.76567 0 0.920548 -0.671967 0
2.78472 -2.77239 0 0.920087 -0.671507 0
2.79392 -2.77911 0 0.919628 -0.67105 0
2.80312 -2.78582 0 0.919171 -0.670596 0
2.81231 -2.79252 0 0.918717 -0.670145 0
2.82149 -2.79923 0 0.918265 -0.669696 0
2.83068 -2.80592 0 0.917816 -0.66925 0
2.83986 -2.81261 0 0.917369 -0.668807 0
2.84903 -2.8193 0 0.916924 -0.668367 0
2.8582 -2.82599 0 0.916481 -0.667929 0
2.86736 -2.83267 0 0.916041 -0.667494 0
2.87652 -2.83934 0 0.915603 -0.667061 0
2.88568 -2.84601 0 0.915168 -0.666631 0
2.89483 -2.85268 0 0.914734 -0.666203 0
2.90398 -2.85934 0 0.914303 -0.665778 0
2.91312 -2.866 0 0.913874 -0.665356 0
2.92226 -2.87265 0 0.913447 -0.664936 0
2.9314 -2.8793 0 0.913023 -0.664519 0
2.94053 -2.88595 0 0.9126 -0.664104 0
2.94965 -2.89259 0 0.91218 -0.663691 0
2.95877 -2.89922 0 0.911761 -0.663281 0
2.96789 -2.90586 0 0.911345 -0.662873 0
2.977 -2.91249 0 0.910931 -0.662467 0
2.98611 -2.91911 0 0.910519 -0.662064 0
2.99522 -2.92573 0 0.910109 -0.661663 0
3.00432 -2.93235 0 0.909701 -0.661265 0
3.01342 -2.93896 0 0.909295 -0.660868 0
3.02251 -2.94557 0 0.908891 -0.660474 0
3.0316 -2.95217 0 0.908488 -0.660083 0
3.04068 -2.95877 0 0.908088 -0.659693 0
3.04976 -2.96537 0 0.90769 -0.659305 0
3.05884 -2.97196 0 0.907294 -0.65892 0
3.06791 -2.97855 0 0.9069 -0.658537 0
3.07698 -2.98514 0 0.906507 -0.658156 0
3.08605 -2.99172 0 0.906117 -0.657777 0
3.09511 -2.9983 0 0.905728 -0.6574 0
3.10417 -3.00487 0 0.905341 -0.657026 0
3.11322 -3.01144 0 0.904956 -0.656653 0
3.12227 -3.01801 0 0.904573 -0.656283 0
3.13132 -3.02457 0 0.904192 -0.655914 0
3.14036 -3.03113 0 0.903812 -0.655547 0
3.1494 -3.03769 0 0.903435 -0.655183 0
3.15843 -3.04424 0 0.903059 -0.65482 0
3.16746 -3.05079 0 0.902685 -0.65446 0
3.17649 -3.05733 0 0.902312 -0.654101 0
3.18551 -3.06387 0 0.901942 -0.653744 0
3.19453 -3.07041 0 0.901573 -0.653389 0
3.20355 -3.07694 0 0.901205 -0.653036 0
3.21256 -3.08347 0 0.90084 -0.652685 0
3.22157 -3.09 0 0.900476 -0.652336 0
3.23057 -3.09652 0 0.900114 -0.651989 0
3.23957 -3.10304 0 0.899753 -0.651643 0
3.24857 -3.10956 0 0.899394 -0.651299 0
3.25756 -3.11607 0 0.899037 -0.650957 0
3.26655 -3.12258 0 0.898682 -0.650617 0
3.27554 -3.12909 0 0.898328 -0.650279 0
3.28452 -3.13559 0 0.897975 -0.649942 0
3.2935 -3.14209 0 0.897624 -0.649607 0
3.30248 -3.14859 0 0.897275 -0.649274 0
3.31145 -3.15508 0 0.896928 -0.648943 0
3.32042 -3.16157 0 0.896582 -0.648613 0
3.32939 -3.16806 0 0.896237 -0.648285 0
3.33835 -3.17454 0 0.895894 -0.647959 0
3.34731 -3.18102 0 0.895553 -0.647634 0
3.35626 -3.18749 0 0.895213 -0.647311 0
3.36522 -3.19397 0 0.894874 -0.646989 0
3.37417 -3.20044 0 0.894537 -0.64667 0
3.38311 -3.2069 0 0.894202 -0.646351 0
3.39205 -3.21337 0 0.893868 -0.646035 0
3.40099 -3.21983 0 0.893535 -0.64572 0
3.40993 -3.22628 0 0.893204 -0.645406 0
3.41886 -3.23274 0 0.892875 -0.645095 0
3.42779 -3.23919 0 0.892546 -0.644784 0
3.43671 -3.24564 0 0.89222 -0.644475 0
3.44564 -3.25208 0 0.891894 -0.644168 0
3.45455 -3.25852 0 0.89157 -0.643862 0
3.46347 -3.26496 0 0.891248 -0.643558 0
3.47238 -3.2714 0 0.890926 -0.643255 0
3.48129 -3.27783 0 0.890607 -0.642954 0
